#
# There is insufficient memory for the Java Runtime Environment to continue.
# Native memory allocation (malloc) failed to allocate 1146416 bytes for Chunk::new
# Possible reasons:
#   The system is out of physical RAM or swap space
#   The process is running with CompressedOops enabled, and the Java Heap may be blocking the growth of the native heap
# Possible solutions:
#   Reduce memory load on the system
#   Increase physical memory or swap space
#   Check if swap backing store is full
#   Decrease Java heap size (-Xmx/-Xms)
#   Decrease number of Java threads
#   Decrease Java thread stack sizes (-Xss)
#   Set larger code cache with -XX:ReservedCodeCacheSize=
#   JVM is running with Unscaled Compressed Oops mode in which the Java heap is
#     placed in the first 4GB address space. The Java Heap base address is the
#     maximum limit for the native heap growth. Please use -XX:HeapBaseMinAddress
#     to set the Java Heap base and to place the Java Heap above 4GB virtual address.
# This output file may be truncated or incomplete.
#
#  Out of Memory Error (allocation.cpp:389), pid=15004, tid=0x0000000000003a90
#
# JRE version: OpenJDK Runtime Environment (8.0_242-b01) (build 1.8.0_242-release-1644-b01)
# Java VM: OpenJDK 64-Bit Server VM (25.242-b01 mixed mode windows-amd64 compressed oops)
# Failed to write core dump. Minidumps are not enabled by default on client versions of Windows
#

---------------  T H R E A D  ---------------

Current thread (0x0000000019f69800):  JavaThread "C2 CompilerThread2" daemon [_thread_in_native, id=14992, stack(0x000000001aa40000,0x000000001ab40000)]

Stack: [0x000000001aa40000,0x000000001ab40000]
[error occurred during error reporting (printing stack bounds), id 0xc0000005]

Native frames: (J=compiled Java code, j=interpreted, Vv=VM code, C=native code)


Current CompileTask:
C2:2159675 44614 %     4       com.android.ide.common.resources.ResourceMerger::buildCache @ 66 (421 bytes)


---------------  P R O C E S S  ---------------

Java Threads: ( => current thread )
  0x000000001cb62000 JavaThread "stdout" [_thread_in_native, id=9432, stack(0x00000000473a0000,0x00000000474a0000)]
  0x000000001cb61000 JavaThread "stderr" [_thread_in_native, id=3900, stack(0x00000000472a0000,0x00000000473a0000)]
  0x000000001cb60800 JavaThread "pool-69-thread-1" [_thread_blocked, id=2304, stack(0x00000000471a0000,0x00000000472a0000)]
  0x000000001cb59800 JavaThread "WorkerExecutor Queue" [_thread_blocked, id=15160, stack(0x00000000470a0000,0x00000000471a0000)]
  0x000000001cb5f800 JavaThread "Cache worker for execution history cache (D:\Users\ciki3\Desktop\Kozynina_Olena_BasisscholenGent\.gradle\6.5\executionHistory)" [_thread_blocked, id=16336, stack(0x0000000046fa0000,0x00000000470a0000)]
  0x000000001f7f8000 JavaThread "Execution worker for ':' Thread 7" [_thread_blocked, id=14880, stack(0x0000000046ea0000,0x0000000046fa0000)]
  0x000000001f7fe000 JavaThread "Execution worker for ':' Thread 6" [_thread_in_native, id=8436, stack(0x0000000046da0000,0x0000000046ea0000)]
  0x000000001f7f6800 JavaThread "Execution worker for ':' Thread 5" [_thread_blocked, id=18196, stack(0x0000000046ca0000,0x0000000046da0000)]
  0x000000001f7fc000 JavaThread "Execution worker for ':' Thread 4" [_thread_blocked, id=16924, stack(0x0000000046ba0000,0x0000000046ca0000)]
  0x000000001f7f7800 JavaThread "Execution worker for ':' Thread 3" [_thread_blocked, id=16540, stack(0x0000000046aa0000,0x0000000046ba0000)]
  0x000000001f7fc800 JavaThread "Execution worker for ':' Thread 2" [_thread_blocked, id=14364, stack(0x00000000469a0000,0x0000000046aa0000)]
  0x000000001f7fb000 JavaThread "Execution worker for ':'" [_thread_blocked, id=10136, stack(0x00000000468a0000,0x00000000469a0000)]
  0x000000001f7f9000 JavaThread "Cache worker for file content cache (D:\Users\ciki3\Desktop\Kozynina_Olena_BasisscholenGent\.gradle\6.5\fileContent)" [_thread_blocked, id=16696, stack(0x00000000467a0000,0x00000000468a0000)]
  0x000000001f7fa800 JavaThread "Cache worker for Build Output Cleanup Cache (D:\Users\ciki3\Desktop\Kozynina_Olena_BasisscholenGent\.gradle\buildOutputCleanup)" [_thread_blocked, id=2284, stack(0x00000000466a0000,0x00000000467a0000)]
  0x000000001f7fd800 JavaThread "jar transforms Thread 1190" [_thread_blocked, id=12516, stack(0x00000000465a0000,0x00000000466a0000)]
  0x000000001f7f6000 JavaThread "jar transforms Thread 1189" [_thread_blocked, id=5128, stack(0x00000000464a0000,0x00000000465a0000)]
  0x000000001f7f9800 JavaThread "jar transforms Thread 1188" [_thread_blocked, id=4264, stack(0x0000000046190000,0x0000000046290000)]
  0x000000001f7ee800 JavaThread "jar transforms Thread 1187" [_thread_blocked, id=16664, stack(0x0000000046090000,0x0000000046190000)]
  0x000000001f7f5000 JavaThread "jar transforms Thread 1186" [_thread_blocked, id=752, stack(0x0000000045f90000,0x0000000046090000)]
  0x000000001f7f4800 JavaThread "jar transforms Thread 1185" [_thread_blocked, id=15288, stack(0x0000000045e90000,0x0000000045f90000)]
  0x000000001f7f3000 JavaThread "jar transforms Thread 1184" [_thread_blocked, id=4236, stack(0x0000000045d90000,0x0000000045e90000)]
  0x000000001f7ef000 JavaThread "jar transforms Thread 1183" [_thread_blocked, id=16444, stack(0x0000000045c90000,0x0000000045d90000)]
  0x000000001c559800 JavaThread "jar transforms Thread 1182" [_thread_blocked, id=11248, stack(0x00000000456f0000,0x00000000457f0000)]
  0x000000001c552000 JavaThread "jar transforms Thread 1181" [_thread_blocked, id=5596, stack(0x00000000455f0000,0x00000000456f0000)]
  0x000000001c558800 JavaThread "jar transforms Thread 1180" [_thread_blocked, id=15080, stack(0x00000000454f0000,0x00000000455f0000)]
  0x000000001c558000 JavaThread "jar transforms Thread 1179" [_thread_blocked, id=16268, stack(0x00000000453f0000,0x00000000454f0000)]
  0x000000001c555800 JavaThread "jar transforms Thread 1178" [_thread_blocked, id=2468, stack(0x000000003ab50000,0x000000003ac50000)]
  0x000000001c555000 JavaThread "jar transforms Thread 1177" [_thread_blocked, id=16732, stack(0x000000003a800000,0x000000003a900000)]
  0x000000001c556800 JavaThread "jar transforms Thread 1176" [_thread_blocked, id=4484, stack(0x000000003a500000,0x000000003a600000)]
  0x000000001c557000 JavaThread "jar transforms Thread 1175" [_thread_blocked, id=14400, stack(0x0000000039e40000,0x0000000039f40000)]
  0x000000001c54d000 JavaThread "jar transforms Thread 1174" [_thread_blocked, id=17032, stack(0x0000000039d40000,0x0000000039e40000)]
  0x000000001c551000 JavaThread "jar transforms Thread 1173" [_thread_blocked, id=14672, stack(0x00000000393b0000,0x00000000394b0000)]
  0x000000001c54e000 JavaThread "jar transforms Thread 1172" [_thread_blocked, id=16272, stack(0x00000000392b0000,0x00000000393b0000)]
  0x000000001c550800 JavaThread "jar transforms Thread 1171" [_thread_blocked, id=18192, stack(0x00000000391b0000,0x00000000392b0000)]
  0x000000001c54f800 JavaThread "jar transforms Thread 1170" [_thread_blocked, id=17368, stack(0x00000000390b0000,0x00000000391b0000)]
  0x000000001c553800 JavaThread "jar transforms Thread 1169" [_thread_blocked, id=4576, stack(0x0000000038db0000,0x0000000038eb0000)]
  0x000000001c552800 JavaThread "jar transforms Thread 1168" [_thread_blocked, id=18288, stack(0x0000000038cb0000,0x0000000038db0000)]
  0x000000001c554000 JavaThread "jar transforms Thread 1167" [_thread_blocked, id=17096, stack(0x0000000038bb0000,0x0000000038cb0000)]
  0x000000001c54f000 JavaThread "jar transforms Thread 1166" [_thread_blocked, id=16752, stack(0x0000000038ab0000,0x0000000038bb0000)]
  0x000000001b48f000 JavaThread "jar transforms Thread 1165" [_thread_blocked, id=17948, stack(0x00000000389b0000,0x0000000038ab0000)]
  0x000000001b48c800 JavaThread "jar transforms Thread 1164" [_thread_blocked, id=4260, stack(0x00000000388b0000,0x00000000389b0000)]
  0x000000001b48c000 JavaThread "jar transforms Thread 1163" [_thread_blocked, id=8236, stack(0x00000000387b0000,0x00000000388b0000)]
  0x000000001b48f800 JavaThread "jar transforms Thread 1162" [_thread_blocked, id=15916, stack(0x00000000386b0000,0x00000000387b0000)]
  0x000000001b48a800 JavaThread "jar transforms Thread 1161" [_thread_blocked, id=3040, stack(0x0000000036740000,0x0000000036840000)]
  0x000000001b48d800 JavaThread "jar transforms Thread 1160" [_thread_blocked, id=4268, stack(0x00000000360a0000,0x00000000361a0000)]
  0x000000001b48e000 JavaThread "jar transforms Thread 1159" [_thread_blocked, id=17064, stack(0x0000000034d30000,0x0000000034e30000)]
  0x000000001b490800 JavaThread "jar transforms Thread 1158" [_thread_blocked, id=14728, stack(0x0000000030f50000,0x0000000031050000)]
  0x000000001b482000 JavaThread "jar transforms Thread 1157" [_thread_blocked, id=1136, stack(0x000000002f840000,0x000000002f940000)]
  0x000000001b489000 JavaThread "jar transforms Thread 1156" [_thread_blocked, id=15228, stack(0x000000002e040000,0x000000002e140000)]
  0x000000001b485000 JavaThread "jar transforms Thread 1155" [_thread_blocked, id=17928, stack(0x000000002df40000,0x000000002e040000)]
  0x000000001b483800 JavaThread "jar transforms Thread 1154" [_thread_blocked, id=12652, stack(0x000000002de40000,0x000000002df40000)]
  0x000000001b484800 JavaThread "jar transforms Thread 1153" [_thread_blocked, id=1528, stack(0x000000002dd40000,0x000000002de40000)]
  0x000000001b483000 JavaThread "jar transforms Thread 1152" [_thread_blocked, id=17560, stack(0x000000002dc40000,0x000000002dd40000)]
  0x000000001b488000 JavaThread "jar transforms Thread 1151" [_thread_blocked, id=1092, stack(0x000000002db40000,0x000000002dc40000)]
  0x000000001b487800 JavaThread "jar transforms Thread 1150" [_thread_blocked, id=2924, stack(0x000000002da40000,0x000000002db40000)]
  0x000000001b486000 JavaThread "jar transforms Thread 1149" [_thread_blocked, id=1896, stack(0x000000002d940000,0x000000002da40000)]
  0x000000001b486800 JavaThread "jar transforms Thread 1148" [_thread_blocked, id=13100, stack(0x000000002d840000,0x000000002d940000)]
  0x000000001b481800 JavaThread "jar transforms Thread 1147" [_thread_blocked, id=13168, stack(0x000000002d740000,0x000000002d840000)]
  0x0000000035418000 JavaThread "jar transforms Thread 1146" [_thread_blocked, id=3096, stack(0x000000002d640000,0x000000002d740000)]
  0x0000000035417800 JavaThread "jar transforms Thread 1145" [_thread_blocked, id=11708, stack(0x000000002d540000,0x000000002d640000)]
  0x0000000035410000 JavaThread "jar transforms Thread 1144" [_thread_blocked, id=3552, stack(0x000000002d440000,0x000000002d540000)]
  0x0000000035415000 JavaThread "jar transforms Thread 1143" [_thread_blocked, id=13088, stack(0x000000002d340000,0x000000002d440000)]
  0x0000000035414800 JavaThread "jar transforms Thread 1142" [_thread_blocked, id=1500, stack(0x000000002d240000,0x000000002d340000)]
  0x0000000035413800 JavaThread "jar transforms Thread 1141" [_thread_blocked, id=1152, stack(0x000000002d140000,0x000000002d240000)]
  0x0000000035416000 JavaThread "jar transforms Thread 1140" [_thread_blocked, id=1940, stack(0x000000002d040000,0x000000002d140000)]
  0x0000000035413000 JavaThread "jar transforms Thread 1139" [_thread_blocked, id=12656, stack(0x000000002cf40000,0x000000002d040000)]
  0x0000000035412000 JavaThread "jar transforms Thread 1138" [_thread_blocked, id=2792, stack(0x000000002ce40000,0x000000002cf40000)]
  0x0000000035416800 JavaThread "jar transforms Thread 1137" [_thread_blocked, id=12992, stack(0x000000002cd40000,0x000000002ce40000)]
  0x000000003540a800 JavaThread "jar transforms Thread 1136" [_thread_blocked, id=11764, stack(0x000000002cc40000,0x000000002cd40000)]
  0x0000000035409000 JavaThread "jar transforms Thread 1135" [_thread_blocked, id=1816, stack(0x000000002cb40000,0x000000002cc40000)]
  0x000000003540a000 JavaThread "jar transforms Thread 1134" [_thread_blocked, id=14392, stack(0x000000002ca40000,0x000000002cb40000)]
  0x000000003540d800 JavaThread "jar transforms Thread 1133" [_thread_blocked, id=4820, stack(0x000000002c940000,0x000000002ca40000)]
  0x000000003540f000 JavaThread "jar transforms Thread 1132" [_thread_blocked, id=2780, stack(0x000000002c840000,0x000000002c940000)]
  0x0000000035401800 JavaThread "jar transforms Thread 1131" [_thread_blocked, id=6396, stack(0x000000002c740000,0x000000002c840000)]
  0x0000000035405800 JavaThread "jar transforms Thread 1130" [_thread_blocked, id=9700, stack(0x000000002c640000,0x000000002c740000)]
  0x0000000035404000 JavaThread "jar transforms Thread 1129" [_thread_blocked, id=7104, stack(0x000000002c540000,0x000000002c640000)]
  0x0000000035408800 JavaThread "jar transforms Thread 1128" [_thread_blocked, id=7892, stack(0x000000002c440000,0x000000002c540000)]
  0x00000000353f9000 JavaThread "jar transforms Thread 1127" [_thread_blocked, id=13976, stack(0x000000002c340000,0x000000002c440000)]
  0x00000000353ff000 JavaThread "jar transforms Thread 1126" [_thread_blocked, id=3616, stack(0x000000002c240000,0x000000002c340000)]
  0x000000001ae9c000 JavaThread "jar transforms Thread 1125" [_thread_blocked, id=8468, stack(0x000000002c140000,0x000000002c240000)]
  0x000000001ae9c800 JavaThread "jar transforms Thread 1124" [_thread_blocked, id=940, stack(0x000000002c040000,0x000000002c140000)]
  0x000000001ae9f800 JavaThread "jar transforms Thread 1123" [_thread_blocked, id=16700, stack(0x000000002bf40000,0x000000002c040000)]
  0x000000001ae9f000 JavaThread "jar transforms Thread 1122" [_thread_blocked, id=12152, stack(0x000000002be40000,0x000000002bf40000)]
  0x000000001ae9d800 JavaThread "jar transforms Thread 1121" [_thread_blocked, id=15268, stack(0x000000002bd40000,0x000000002be40000)]
  0x000000001ae9b000 JavaThread "jar transforms Thread 1120" [_thread_blocked, id=3416, stack(0x000000002bc40000,0x000000002bd40000)]
  0x000000001ae99800 JavaThread "jar transforms Thread 1119" [_thread_blocked, id=10968, stack(0x000000002bb40000,0x000000002bc40000)]
  0x000000001aea0800 JavaThread "jar transforms Thread 1118" [_thread_blocked, id=18280, stack(0x000000002ba40000,0x000000002bb40000)]
  0x000000001ae9e000 JavaThread "jar transforms Thread 1117" [_thread_blocked, id=8364, stack(0x000000002b940000,0x000000002ba40000)]
  0x000000001ae99000 JavaThread "jar transforms Thread 1116" [_thread_blocked, id=16168, stack(0x000000002b840000,0x000000002b940000)]
  0x000000001ae90800 JavaThread "jar transforms Thread 1115" [_thread_blocked, id=11656, stack(0x000000002b740000,0x000000002b840000)]
  0x000000001ae8f000 JavaThread "jar transforms Thread 1114" [_thread_blocked, id=11068, stack(0x000000002b640000,0x000000002b740000)]
  0x000000001ae96000 JavaThread "jar transforms Thread 1113" [_thread_blocked, id=13988, stack(0x000000002b540000,0x000000002b640000)]
  0x000000001ae8e800 JavaThread "jar transforms Thread 1112" [_thread_blocked, id=16656, stack(0x000000002b270000,0x000000002b370000)]
  0x000000001ae95000 JavaThread "jar transforms Thread 1111" [_thread_blocked, id=17172, stack(0x000000002b170000,0x000000002b270000)]
  0x000000001ae8c000 JavaThread "jar transforms Thread 1110" [_thread_blocked, id=16652, stack(0x000000002b070000,0x000000002b170000)]
  0x000000001ae93000 JavaThread "jar transforms Thread 1109" [_thread_blocked, id=15788, stack(0x000000002af70000,0x000000002b070000)]
  0x000000001ae8d800 JavaThread "jar transforms Thread 1108" [_thread_blocked, id=18316, stack(0x000000002ae70000,0x000000002af70000)]
  0x000000001ae8b800 JavaThread "jar transforms Thread 1107" [_thread_blocked, id=6080, stack(0x000000002ad70000,0x000000002ae70000)]
  0x000000001ae91800 JavaThread "jar transforms Thread 1106" [_thread_blocked, id=2100, stack(0x000000002ac70000,0x000000002ad70000)]
  0x000000001ae90000 JavaThread "jar transforms Thread 1105" [_thread_blocked, id=16004, stack(0x000000002ab70000,0x000000002ac70000)]
  0x000000001ae84000 JavaThread "jar transforms Thread 1104" [_thread_blocked, id=16392, stack(0x000000002aa70000,0x000000002ab70000)]
  0x000000001ae8a800 JavaThread "jar transforms Thread 1103" [_thread_blocked, id=17192, stack(0x000000002a970000,0x000000002aa70000)]
  0x000000001ae88800 JavaThread "jar transforms Thread 1102" [_thread_blocked, id=14876, stack(0x000000002a870000,0x000000002a970000)]
  0x000000001ae87800 JavaThread "jar transforms Thread 1101" [_thread_blocked, id=15076, stack(0x000000002a770000,0x000000002a870000)]
  0x000000001ae84800 JavaThread "jar transforms Thread 1100" [_thread_blocked, id=14496, stack(0x000000002a670000,0x000000002a770000)]
  0x000000001ae8a000 JavaThread "jar transforms Thread 1099" [_thread_blocked, id=16836, stack(0x000000002a570000,0x000000002a670000)]
  0x000000001ae89000 JavaThread "jar transforms Thread 1098" [_thread_blocked, id=16940, stack(0x000000002a470000,0x000000002a570000)]
  0x000000001ae83000 JavaThread "jar transforms Thread 1097" [_thread_blocked, id=16380, stack(0x000000002a370000,0x000000002a470000)]
  0x000000001ae81800 JavaThread "jar transforms Thread 1096" [_thread_blocked, id=12748, stack(0x000000002a270000,0x000000002a370000)]
  0x000000001ae87000 JavaThread "jar transforms Thread 1095" [_thread_blocked, id=18232, stack(0x000000002a170000,0x000000002a270000)]
  0x0000000025aab000 JavaThread "jar transforms Thread 1094" [_thread_blocked, id=17516, stack(0x000000002a070000,0x000000002a170000)]
  0x0000000025aa9800 JavaThread "jar transforms Thread 1093" [_thread_blocked, id=16840, stack(0x0000000029f70000,0x000000002a070000)]
  0x0000000025aa8800 JavaThread "jar transforms Thread 1092" [_thread_blocked, id=14540, stack(0x0000000029e70000,0x0000000029f70000)]
  0x0000000025aaf800 JavaThread "jar transforms Thread 1091" [_thread_blocked, id=16984, stack(0x0000000029110000,0x0000000029210000)]
  0x0000000025aae800 JavaThread "jar transforms Thread 1090" [_thread_blocked, id=9196, stack(0x0000000029010000,0x0000000029110000)]
  0x0000000025aa7000 JavaThread "jar transforms Thread 1089" [_thread_blocked, id=14388, stack(0x00000000284f0000,0x00000000285f0000)]
  0x0000000025aaa000 JavaThread "jar transforms Thread 1088" [_thread_blocked, id=7028, stack(0x00000000283f0000,0x00000000284f0000)]
  0x0000000025aae000 JavaThread "jar transforms Thread 1087" [_thread_blocked, id=10808, stack(0x00000000282f0000,0x00000000283f0000)]
  0x0000000025aac800 JavaThread "jar transforms Thread 1086" [_thread_blocked, id=3936, stack(0x00000000281f0000,0x00000000282f0000)]
  0x0000000025aa6800 JavaThread "jar transforms Thread 1085" [_thread_blocked, id=9820, stack(0x00000000280f0000,0x00000000281f0000)]
  0x0000000025aab800 JavaThread "jar transforms Thread 1084" [_thread_blocked, id=4732, stack(0x0000000027ff0000,0x00000000280f0000)]
  0x0000000025aad000 JavaThread "jar transforms Thread 1083" [_thread_blocked, id=13604, stack(0x0000000027a40000,0x0000000027b40000)]
  0x0000000025aa8000 JavaThread "jar transforms Thread 1082" [_thread_blocked, id=2900, stack(0x0000000026730000,0x0000000026830000)]
  0x0000000025aa1000 JavaThread "jar transforms Thread 1081" [_thread_blocked, id=7960, stack(0x00000000263b0000,0x00000000264b0000)]
  0x0000000025aa5800 JavaThread "jar transforms Thread 1080" [_thread_blocked, id=7080, stack(0x00000000262b0000,0x00000000263b0000)]
  0x0000000025aa4000 JavaThread "jar transforms Thread 1079" [_thread_blocked, id=15324, stack(0x00000000261b0000,0x00000000262b0000)]
  0x0000000025a9f800 JavaThread "jar transforms Thread 1078" [_thread_blocked, id=13588, stack(0x0000000025e30000,0x0000000025f30000)]
  0x0000000025aa5000 JavaThread "jar transforms Thread 1077" [_thread_blocked, id=8504, stack(0x0000000024740000,0x0000000024840000)]
  0x0000000025a9c800 JavaThread "jar transforms Thread 1076" [_thread_blocked, id=15132, stack(0x0000000023e40000,0x0000000023f40000)]
  0x0000000025a9d800 JavaThread "jar transforms Thread 1075" [_thread_blocked, id=1044, stack(0x0000000023470000,0x0000000023570000)]
  0x0000000025aa3800 JavaThread "jar transforms Thread 1074" [_thread_blocked, id=14280, stack(0x0000000023370000,0x0000000023470000)]
  0x0000000025a9f000 JavaThread "jar transforms Thread 1073" [_thread_blocked, id=2580, stack(0x0000000023270000,0x0000000023370000)]
  0x0000000025aa0800 JavaThread "jar transforms Thread 1072" [_thread_blocked, id=1176, stack(0x0000000023170000,0x0000000023270000)]
  0x0000000025aa2800 JavaThread "Build operations Thread 8" [_thread_blocked, id=16412, stack(0x0000000022e70000,0x0000000022f70000)]
  0x0000000025a9e000 JavaThread "Build operations Thread 7" [_thread_blocked, id=12616, stack(0x0000000022d70000,0x0000000022e70000)]
  0x0000000025a94000 JavaThread "Build operations Thread 6" [_thread_blocked, id=9680, stack(0x0000000022c70000,0x0000000022d70000)]
  0x0000000025a9b000 JavaThread "Build operations Thread 5" [_thread_blocked, id=14112, stack(0x0000000022b70000,0x0000000022c70000)]
  0x0000000025a93800 JavaThread "Build operations Thread 4" [_thread_blocked, id=17372, stack(0x0000000022a70000,0x0000000022b70000)]
  0x0000000025a9a000 JavaThread "Build operations Thread 3" [_thread_blocked, id=17440, stack(0x0000000022970000,0x0000000022a70000)]
  0x0000000025a99800 JavaThread "Build operations Thread 2" [_thread_blocked, id=17504, stack(0x0000000022870000,0x0000000022970000)]
  0x0000000025a95000 JavaThread "Build operations" [_thread_blocked, id=3600, stack(0x0000000021520000,0x0000000021620000)]
  0x0000000025a98800 JavaThread "Cache worker for cache directory md-rule (C:\Users\ciki3\.gradle\caches\6.5\md-rule)" [_thread_blocked, id=14848, stack(0x0000000021420000,0x0000000021520000)]
  0x0000000025a91000 JavaThread "Cache worker for cache directory md-supplier (C:\Users\ciki3\.gradle\caches\6.5\md-supplier)" [_thread_blocked, id=18416, stack(0x0000000021320000,0x0000000021420000)]
  0x0000000025a92800 JavaThread "Cache worker for checksums cache (D:\Users\ciki3\Desktop\Kozynina_Olena_BasisscholenGent\.gradle\checksums)" [_thread_blocked, id=13432, stack(0x0000000021220000,0x0000000021320000)]
  0x0000000025a98000 JavaThread "Cache worker for file hash cache (D:\Users\ciki3\Desktop\Kozynina_Olena_BasisscholenGent\.gradle\6.5\fileHashes)" [_thread_blocked, id=10152, stack(0x000000001ea80000,0x000000001eb80000)]
  0x0000000025a90800 JavaThread "Thread-1984" [_thread_blocked, id=7092, stack(0x000000001e980000,0x000000001ea80000)]
  0x000000001b1ed800 JavaThread "Stdin handler" [_thread_blocked, id=3740, stack(0x000000001e380000,0x000000001e480000)]
  0x000000001b1f0800 JavaThread "Asynchronous log dispatcher for DefaultDaemonConnection: socket connection from /127.0.0.1:49743 to /127.0.0.1:50622" [_thread_blocked, id=7532, stack(0x000000001dd20000,0x000000001de20000)]
  0x000000001b1ec800 JavaThread "Daemon worker Thread 9" [_thread_blocked, id=3504, stack(0x000000001dc20000,0x000000001dd20000)]
  0x000000001b1eb000 JavaThread "Cancel handler" [_thread_blocked, id=17312, stack(0x0000000001440000,0x0000000001540000)]
  0x000000001b1ef800 JavaThread "Handler for socket connection from /127.0.0.1:49743 to /127.0.0.1:50622" [_thread_in_native, id=14864, stack(0x0000000001340000,0x0000000001440000)]
  0x000000001b1f1000 JavaThread "Daemon Thread 9" [_thread_blocked, id=15312, stack(0x0000000001240000,0x0000000001340000)]
  0x0000000035406000 JavaThread "Cache worker for Java compile cache (C:\Users\ciki3\.gradle\caches\6.5\javaCompile)" [_thread_blocked, id=8344, stack(0x000000003b340000,0x000000003b440000)]
  0x000000001f4ef000 JavaThread "RMI Reaper" [_thread_blocked, id=7484, stack(0x000000003a200000,0x000000003a300000)]
  0x000000001f4e7000 JavaThread "RMI TCP Accept-0" daemon [_thread_in_native, id=10380, stack(0x000000003a100000,0x000000003a200000)]
  0x000000001f4ed800 JavaThread "GC Daemon" daemon [_thread_blocked, id=17436, stack(0x000000003a000000,0x000000003a100000)]
  0x000000001f4ee000 JavaThread "RMI Scheduler(0)" daemon [_thread_blocked, id=16468, stack(0x0000000039c40000,0x0000000039d40000)]
  0x000000001f4e4000 JavaThread "MarlinRenderer Disposer" daemon [_thread_blocked, id=16256, stack(0x0000000039940000,0x0000000039a40000)]
  0x000000001f4eb000 JavaThread "Java2D Disposer" daemon [_thread_blocked, id=17668, stack(0x00000000397a0000,0x00000000398a0000)]
  0x000000001b6fd000 JavaThread "Memory manager" [_thread_blocked, id=14624, stack(0x000000002f140000,0x000000002f240000)]
  0x000000001c55b800 JavaThread "Cache worker for file content cache (C:\Users\ciki3\.gradle\caches\6.5\fileContent)" [_thread_blocked, id=14468, stack(0x0000000024640000,0x0000000024740000)]
  0x000000001c55b000 JavaThread "Cache worker for execution history cache (C:\Users\ciki3\.gradle\caches\6.5\executionHistory)" [_thread_blocked, id=14684, stack(0x0000000024140000,0x0000000024240000)]
  0x000000001b1ef000 JavaThread "Cache worker for file hash cache (C:\Users\ciki3\.gradle\caches\6.5\fileHashes)" [_thread_blocked, id=14368, stack(0x000000001ef80000,0x000000001f080000)]
  0x000000001b1ec000 JavaThread "File lock request listener" [_thread_in_native, id=3328, stack(0x000000001ee80000,0x000000001ef80000)]
  0x000000001a066000 JavaThread "Cache worker for journal cache (C:\Users\ciki3\.gradle\caches\journal-1)" [_thread_blocked, id=1180, stack(0x000000001ed80000,0x000000001ee80000)]
  0x000000001c97d800 JavaThread "Daemon periodic checks" [_thread_blocked, id=3164, stack(0x000000001e080000,0x000000001e180000)]
  0x000000001c97c800 JavaThread "Incoming local TCP Connector on port 49743" [_thread_in_native, id=11504, stack(0x000000001de20000,0x000000001df20000)]
  0x000000001c8b8800 JavaThread "Daemon health stats" [_thread_blocked, id=14952, stack(0x000000001d7e0000,0x000000001d8e0000)]
  0x0000000019ffb800 JavaThread "Service Thread" daemon [_thread_blocked, id=14932, stack(0x000000001ac40000,0x000000001ad40000)]
  0x0000000019f6d800 JavaThread "C1 CompilerThread3" daemon [_thread_blocked, id=14912, stack(0x000000001ab40000,0x000000001ac40000)]
=>0x0000000019f69800 JavaThread "C2 CompilerThread2" daemon [_thread_in_native, id=14992, stack(0x000000001aa40000,0x000000001ab40000)]
  0x0000000019f56800 JavaThread "C2 CompilerThread1" daemon [_thread_blocked, id=14916, stack(0x000000001a940000,0x000000001aa40000)]
  0x0000000019f52800 JavaThread "C2 CompilerThread0" daemon [_thread_in_native, id=14920, stack(0x000000001a840000,0x000000001a940000)]
  0x0000000019f51000 JavaThread "Attach Listener" daemon [_thread_blocked, id=15028, stack(0x000000001a740000,0x000000001a840000)]
  0x0000000019f4f800 JavaThread "Signal Dispatcher" daemon [_thread_blocked, id=15140, stack(0x000000001a640000,0x000000001a740000)]
  0x0000000019f40800 JavaThread "Finalizer" daemon [_thread_blocked, id=15176, stack(0x000000001a420000,0x000000001a520000)]
  0x00000000030a9000 JavaThread "Reference Handler" daemon [_thread_blocked, id=15108, stack(0x000000001a320000,0x000000001a420000)]
  0x0000000002fb2800 JavaThread "main" [_thread_blocked, id=15144, stack(0x0000000002e40000,0x0000000002f40000)]

Other Threads:
  0x0000000018116000 VMThread [stack: 0x0000000019e20000,0x0000000019f20000] [id=15032]
  0x0000000019ffc800 WatcherThread [stack: 0x000000001ad40000,0x000000001ae40000] [id=14936]

VM state:not at safepoint (normal execution)

VM Mutex/Monitor currently owned by a thread: None

heap address: 0x0000000080000000, size: 2048 MB, Compressed Oops mode: 32-bit
Narrow klass base: 0x0000000000000000, Narrow klass shift: 3
Compressed class space size: 1073741824 Address: 0x0000000100000000

Heap:
 PSYoungGen      total 631808K, used 227609K [0x00000000d5580000, 0x00000000ff800000, 0x0000000100000000)
  eden space 572928K, 37% used [0x00000000d5580000,0x00000000e26f06e0,0x00000000f8500000)
  from space 58880K, 22% used [0x00000000fbe80000,0x00000000fcb55d60,0x00000000ff800000)
  to   space 58880K, 0% used [0x00000000f8500000,0x00000000f8500000,0x00000000fbe80000)
 ParOldGen       total 724480K, used 662365K [0x0000000080000000, 0x00000000ac380000, 0x00000000d5580000)
  object space 724480K, 91% used [0x0000000080000000,0x00000000a86d7670,0x00000000ac380000)
 Metaspace       used 196383K, capacity 210269K, committed 210892K, reserved 1232896K
  class space    used 24614K, capacity 27191K, committed 27392K, reserved 1048576K

Card table byte_map: [0x0000000012470000,0x0000000012880000] byte_map_base: 0x0000000012070000

Marking Bits: (ParMarkBitMap*) 0x00000000708df030
 Begin Bits: [0x0000000013330000, 0x0000000015330000)
 End Bits:   [0x0000000015330000, 0x0000000017330000)

Polling page: 0x0000000001620000

CodeCache: size=245760Kb used=116773Kb max_used=117344Kb free=128986Kb
 bounds [0x00000000030b0000, 0x000000000a410000, 0x00000000120b0000]
 total_blobs=34410 nmethods=33293 adapters=1026
 compilation: enabled

Compilation events (10 events):
Event: 2159.517 Thread 0x0000000019f6d800 44627       3       org.gradle.api.internal.provider.AbstractCollectionProperty$FixedSupplier::calculateValue (8 bytes)
Event: 2159.518 Thread 0x0000000019f6d800 nmethod 44627 0x0000000009fd2890 code [0x0000000009fd2a20, 0x0000000009fd2e48]
Event: 2159.552 Thread 0x0000000019f56800 44628   !   4       sun.nio.ch.FileChannelImpl::read (240 bytes)
Event: 2159.592 Thread 0x0000000019f6d800 44630   !   3       sun.reflect.GeneratedMethodAccessor824::invoke (61 bytes)
Event: 2159.593 Thread 0x0000000019f6d800 nmethod 44630 0x0000000008d821d0 code [0x0000000008d823a0, 0x0000000008d82b48]
Event: 2159.599 Thread 0x0000000019f6d800 44631       1       com.android.build.gradle.tasks.JavaPreCompileTask_Decorated::getModelIdentityDisplayName (5 bytes)
Event: 2159.599 Thread 0x0000000019f6d800 nmethod 44631 0x0000000008887c90 code [0x0000000008887de0, 0x0000000008887ef0]
Event: 2159.652 Thread 0x0000000019f56800 nmethod 44628 0x0000000009c91290 code [0x0000000009c914e0, 0x0000000009c932f0]
Event: 2159.652 Thread 0x0000000019f56800 44629   !   4       sun.nio.ch.ChannelInputStream::read (95 bytes)
Event: 2159.655 Thread 0x0000000019f56800 nmethod 44629 0x0000000008ebe450 code [0x0000000008ebe5a0, 0x0000000008ebe688]

GC Heap History (10 events):
Event: 2069.671 GC heap before
{Heap before GC invocations=101 (full 7):
 PSYoungGen      total 615424K, used 548392K [0x00000000d5580000, 0x00000000ffc80000, 0x0000000100000000)
  eden space 541696K, 100% used [0x00000000d5580000,0x00000000f6680000,0x00000000f6680000)
  from space 73728K, 9% used [0x00000000f6680000,0x00000000f6d0a238,0x00000000fae80000)
  to   space 72192K, 0% used [0x00000000fb600000,0x00000000fb600000,0x00000000ffc80000)
 ParOldGen       total 724480K, used 640589K [0x0000000080000000, 0x00000000ac380000, 0x00000000d5580000)
  object space 724480K, 88% used [0x0000000080000000,0x00000000a71936e0,0x00000000ac380000)
 Metaspace       used 196269K, capacity 210105K, committed 210892K, reserved 1232896K
  class space    used 24612K, capacity 27187K, committed 27392K, reserved 1048576K
Event: 2069.702 GC heap after
Heap after GC invocations=101 (full 7):
 PSYoungGen      total 621056K, used 12382K [0x00000000d5580000, 0x00000000ff880000, 0x0000000100000000)
  eden space 552960K, 0% used [0x00000000d5580000,0x00000000d5580000,0x00000000f7180000)
  from space 68096K, 18% used [0x00000000fb600000,0x00000000fc217a88,0x00000000ff880000)
  to   space 69120K, 0% used [0x00000000f7180000,0x00000000f7180000,0x00000000fb500000)
 ParOldGen       total 724480K, used 645470K [0x0000000080000000, 0x00000000ac380000, 0x00000000d5580000)
  object space 724480K, 89% used [0x0000000080000000,0x00000000a7657a40,0x00000000ac380000)
 Metaspace       used 196269K, capacity 210105K, committed 210892K, reserved 1232896K
  class space    used 24612K, capacity 27187K, committed 27392K, reserved 1048576K
}
Event: 2070.589 GC heap before
{Heap before GC invocations=102 (full 7):
 PSYoungGen      total 621056K, used 565342K [0x00000000d5580000, 0x00000000ff880000, 0x0000000100000000)
  eden space 552960K, 100% used [0x00000000d5580000,0x00000000f7180000,0x00000000f7180000)
  from space 68096K, 18% used [0x00000000fb600000,0x00000000fc217a88,0x00000000ff880000)
  to   space 69120K, 0% used [0x00000000f7180000,0x00000000f7180000,0x00000000fb500000)
 ParOldGen       total 724480K, used 645470K [0x0000000080000000, 0x00000000ac380000, 0x00000000d5580000)
  object space 724480K, 89% used [0x0000000080000000,0x00000000a7657a40,0x00000000ac380000)
 Metaspace       used 196291K, capacity 210115K, committed 210892K, reserved 1232896K
  class space    used 24612K, capacity 27188K, committed 27392K, reserved 1048576K
Event: 2070.620 GC heap after
Heap after GC invocations=102 (full 7):
 PSYoungGen      total 622080K, used 12414K [0x00000000d5580000, 0x00000000ffc00000, 0x0000000100000000)
  eden space 552960K, 0% used [0x00000000d5580000,0x00000000d5580000,0x00000000f7180000)
  from space 69120K, 17% used [0x00000000f7180000,0x00000000f7d9fb78,0x00000000fb500000)
  to   space 66560K, 0% used [0x00000000fbb00000,0x00000000fbb00000,0x00000000ffc00000)
 ParOldGen       total 724480K, used 650157K [0x0000000080000000, 0x00000000ac380000, 0x00000000d5580000)
  object space 724480K, 89% used [0x0000000080000000,0x00000000a7aeb470,0x00000000ac380000)
 Metaspace       used 196291K, capacity 210115K, committed 210892K, reserved 1232896K
  class space    used 24612K, capacity 27188K, committed 27392K, reserved 1048576K
}
Event: 2071.489 GC heap before
{Heap before GC invocations=103 (full 7):
 PSYoungGen      total 622080K, used 565374K [0x00000000d5580000, 0x00000000ffc00000, 0x0000000100000000)
  eden space 552960K, 100% used [0x00000000d5580000,0x00000000f7180000,0x00000000f7180000)
  from space 69120K, 17% used [0x00000000f7180000,0x00000000f7d9fb78,0x00000000fb500000)
  to   space 66560K, 0% used [0x00000000fbb00000,0x00000000fbb00000,0x00000000ffc00000)
 ParOldGen       total 724480K, used 650157K [0x0000000080000000, 0x00000000ac380000, 0x00000000d5580000)
  object space 724480K, 89% used [0x0000000080000000,0x00000000a7aeb470,0x00000000ac380000)
 Metaspace       used 196293K, capacity 210179K, committed 210892K, reserved 1232896K
  class space    used 24612K, capacity 27188K, committed 27392K, reserved 1048576K
Event: 2071.516 GC heap after
Heap after GC invocations=103 (full 7):
 PSYoungGen      total 627200K, used 5984K [0x00000000d5580000, 0x00000000ff980000, 0x0000000100000000)
  eden space 563200K, 0% used [0x00000000d5580000,0x00000000d5580000,0x00000000f7b80000)
  from space 64000K, 9% used [0x00000000fbb00000,0x00000000fc0d8000,0x00000000ff980000)
  to   space 64512K, 0% used [0x00000000f7b80000,0x00000000f7b80000,0x00000000fba80000)
 ParOldGen       total 724480K, used 654487K [0x0000000080000000, 0x00000000ac380000, 0x00000000d5580000)
  object space 724480K, 90% used [0x0000000080000000,0x00000000a7f25e30,0x00000000ac380000)
 Metaspace       used 196293K, capacity 210179K, committed 210892K, reserved 1232896K
  class space    used 24612K, capacity 27188K, committed 27392K, reserved 1048576K
}
Event: 2073.587 GC heap before
{Heap before GC invocations=104 (full 7):
 PSYoungGen      total 627200K, used 568495K [0x00000000d5580000, 0x00000000ff980000, 0x0000000100000000)
  eden space 563200K, 99% used [0x00000000d5580000,0x00000000f7ad3fa8,0x00000000f7b80000)
  from space 64000K, 9% used [0x00000000fbb00000,0x00000000fc0d8000,0x00000000ff980000)
  to   space 64512K, 0% used [0x00000000f7b80000,0x00000000f7b80000,0x00000000fba80000)
 ParOldGen       total 724480K, used 654487K [0x0000000080000000, 0x00000000ac380000, 0x00000000d5580000)
  object space 724480K, 90% used [0x0000000080000000,0x00000000a7f25e30,0x00000000ac380000)
 Metaspace       used 196301K, capacity 210179K, committed 210892K, reserved 1232896K
  class space    used 24612K, capacity 27188K, committed 27392K, reserved 1048576K
Event: 2073.613 GC heap after
Heap after GC invocations=104 (full 7):
 PSYoungGen      total 627712K, used 24169K [0x00000000d5580000, 0x00000000ffa80000, 0x0000000100000000)
  eden space 563200K, 0% used [0x00000000d5580000,0x00000000d5580000,0x00000000f7b80000)
  from space 64512K, 37% used [0x00000000f7b80000,0x00000000f931a6c0,0x00000000fba80000)
  to   space 61440K, 0% used [0x00000000fbe80000,0x00000000fbe80000,0x00000000ffa80000)
 ParOldGen       total 724480K, used 656918K [0x0000000080000000, 0x00000000ac380000, 0x00000000d5580000)
  object space 724480K, 90% used [0x0000000080000000,0x00000000a8185ba8,0x00000000ac380000)
 Metaspace       used 196301K, capacity 210179K, committed 210892K, reserved 1232896K
  class space    used 24612K, capacity 27188K, committed 27392K, reserved 1048576K
}
Event: 2077.691 GC heap before
{Heap before GC invocations=105 (full 7):
 PSYoungGen      total 627712K, used 587369K [0x00000000d5580000, 0x00000000ffa80000, 0x0000000100000000)
  eden space 563200K, 100% used [0x00000000d5580000,0x00000000f7b80000,0x00000000f7b80000)
  from space 64512K, 37% used [0x00000000f7b80000,0x00000000f931a6c0,0x00000000fba80000)
  to   space 61440K, 0% used [0x00000000fbe80000,0x00000000fbe80000,0x00000000ffa80000)
 ParOldGen       total 724480K, used 656918K [0x0000000080000000, 0x00000000ac380000, 0x00000000d5580000)
  object space 724480K, 90% used [0x0000000080000000,0x00000000a8185ba8,0x00000000ac380000)
 Metaspace       used 196337K, capacity 210201K, committed 210892K, reserved 1232896K
  class space    used 24614K, capacity 27191K, committed 27392K, reserved 1048576K
Event: 2077.712 GC heap after
Heap after GC invocations=105 (full 7):
 PSYoungGen      total 631808K, used 13143K [0x00000000d5580000, 0x00000000ff800000, 0x0000000100000000)
  eden space 572928K, 0% used [0x00000000d5580000,0x00000000d5580000,0x00000000f8500000)
  from space 58880K, 22% used [0x00000000fbe80000,0x00000000fcb55d60,0x00000000ff800000)
  to   space 58880K, 0% used [0x00000000f8500000,0x00000000f8500000,0x00000000fbe80000)
 ParOldGen       total 724480K, used 662365K [0x0000000080000000, 0x00000000ac380000, 0x00000000d5580000)
  object space 724480K, 91% used [0x0000000080000000,0x00000000a86d7670,0x00000000ac380000)
 Metaspace       used 196337K, capacity 210201K, committed 210892K, reserved 1232896K
  class space    used 24614K, capacity 27191K, committed 27392K, reserved 1048576K
}

Deoptimization events (10 events):
Event: 2074.133 Thread 0x000000001b1ed800 Uncommon trap: reason=unstable_if action=reinterpret pc=0x0000000009a8ad1c method=java.util.concurrent.atomic.AtomicBoolean.getAndSet(Z)Z @ 11
Event: 2074.223 Thread 0x000000001b702800 Uncommon trap: reason=unstable_if action=reinterpret pc=0x0000000008a9d0dc method=com.android.tools.r8.dex.B.a(Lcom/android/tools/r8/graph/i0;)Lcom/android/tools/r8/dex/B; @ 43
Event: 2077.058 Thread 0x0000000035413800 Uncommon trap: reason=bimorphic action=maybe_recompile pc=0x0000000005e67f3c method=org.gradle.internal.fingerprint.classpath.impl.ClasspathFingerprintingStrategy.collectFingerprints(Ljava/lang/Iterable;)Ljava/util/Map; @ 66
Event: 2077.059 Thread 0x0000000035413800 Uncommon trap: reason=bimorphic action=maybe_recompile pc=0x00000000095e55e4 method=org.gradle.internal.fingerprint.impl.DefaultCurrentFileCollectionFingerprint.from(Ljava/lang/Iterable;Lorg/gradle/internal/fingerprint/FingerprintingStrategy;)Lorg/gradle/
Event: 2077.060 Thread 0x0000000035413800 Uncommon trap: reason=unstable_if action=reinterpret pc=0x00000000073085f8 method=org.gradle.internal.snapshot.VfsRelativePath.fromChild(Ljava/lang/String;)Lorg/gradle/internal/snapshot/VfsRelativePath; @ 4
Event: 2077.060 Thread 0x0000000035413800 Uncommon trap: reason=unstable_if action=reinterpret pc=0x0000000004cb75e4 method=org.gradle.internal.snapshot.impl.AbstractScalarValueSnapshot.equals(Ljava/lang/Object;)Z @ 19
Event: 2077.087 Thread 0x000000001f4ec800 Uncommon trap: reason=bimorphic action=maybe_recompile pc=0x0000000008d76ed4 method=com.google.common.collect.TransformedIterator.next()Ljava/lang/Object; @ 10
Event: 2077.087 Thread 0x000000001f4ec800 Uncommon trap: reason=bimorphic action=maybe_recompile pc=0x0000000008d76ed4 method=com.google.common.collect.TransformedIterator.next()Ljava/lang/Object; @ 10
Event: 2077.088 Thread 0x000000001f4ec800 Uncommon trap: reason=unstable_if action=reinterpret pc=0x0000000009fb435c method=sun.nio.fs.WindowsChannelFactory.newFileChannel(Ljava/lang/String;Ljava/lang/String;Ljava/util/Set;J)Ljava/nio/channels/FileChannel; @ 11
Event: 2157.939 Thread 0x000000001b1f1000 Uncommon trap: reason=unstable_if action=reinterpret pc=0x00000000055c6d14 method=org.gradle.internal.logging.console.StyledTextOutputBackedRenderer.onOutput(Lorg/gradle/internal/logging/events/OutputEvent;)V @ 110

Classes redefined (0 events):
No events

Internal exceptions (10 events):
Event: 2071.722 Thread 0x0000000035414800 Implicit null exception at 0x000000000a3be85b to 0x000000000a3c2151
Event: 2072.332 Thread 0x0000000035414800 Exception <a 'sun/nio/fs/WindowsException'> (0x00000000ea305f68) thrown at [C:\src\AOSP-openjdk-git\hotspot\src\share\vm\prims\jni.cpp, line 710]
Event: 2072.368 Thread 0x0000000035412000 Exception <a 'sun/nio/fs/WindowsException'> (0x00000000eb03af90) thrown at [C:\src\AOSP-openjdk-git\hotspot\src\share\vm\prims\jni.cpp, line 710]
Event: 2073.438 Thread 0x0000000035413800 Exception <a 'sun/nio/fs/WindowsException'> (0x00000000f610d568) thrown at [C:\src\AOSP-openjdk-git\hotspot\src\share\vm\prims\jni.cpp, line 710]
Event: 2073.581 Thread 0x000000001b702800 Exception <a 'sun/nio/fs/WindowsException'> (0x00000000f71ad0a0) thrown at [C:\src\AOSP-openjdk-git\hotspot\src\share\vm\prims\jni.cpp, line 710]
Event: 2074.914 Thread 0x000000001b1ef800 Exception <a 'sun/nio/fs/WindowsException'> (0x00000000e65d7300) thrown at [C:\src\AOSP-openjdk-git\hotspot\src\share\vm\prims\jni.cpp, line 710]
Event: 2076.946 Thread 0x000000001b1f1000 Exception <a 'sun/nio/fs/WindowsException'> (0x00000000f4ab8178) thrown at [C:\src\AOSP-openjdk-git\hotspot\src\share\vm\prims\jni.cpp, line 710]
Event: 2077.085 Thread 0x000000001f4ec800 Exception <a 'sun/nio/fs/WindowsException'> (0x00000000f5886508) thrown at [C:\src\AOSP-openjdk-git\hotspot\src\share\vm\prims\jni.cpp, line 710]
Event: 2077.085 Thread 0x000000001f4ec800 Exception <a 'sun/nio/fs/WindowsException'> (0x00000000f5886a20) thrown at [C:\src\AOSP-openjdk-git\hotspot\src\share\vm\prims\jni.cpp, line 710]
Event: 2158.493 Thread 0x000000001b1ec800 Exception <a 'sun/nio/fs/WindowsException'> (0x00000000db91fa10) thrown at [C:\src\AOSP-openjdk-git\hotspot\src\share\vm\prims\jni.cpp, line 710]

Events (10 events):
Event: 2159.282 Thread 0x000000001f7fc000 DEOPT PACKING pc=0x0000000007ba3bd2 sp=0x0000000046c9be30
Event: 2159.282 Thread 0x000000001f7fc000 DEOPT UNPACKING pc=0x00000000030f75d0 sp=0x0000000046c9bc20 mode 0
Event: 2159.370 Thread 0x000000001cb59800 Thread added: 0x000000001cb59800
Event: 2159.374 Executing VM operation: RevokeBias
Event: 2159.379 Executing VM operation: RevokeBias done
Event: 2159.382 Executing VM operation: RevokeBias
Event: 2159.383 Executing VM operation: RevokeBias done
Event: 2159.387 Thread 0x000000001cb60800 Thread added: 0x000000001cb60800
Event: 2159.395 Thread 0x000000001cb61000 Thread added: 0x000000001cb61000
Event: 2159.396 Thread 0x000000001cb62000 Thread added: 0x000000001cb62000


Dynamic libraries:
0x00007ff6eea80000 - 0x00007ff6eeab1000 	C:\Program Files\Android\Android Studio\jre\bin\java.exe
0x00007ff890630000 - 0x00007ff890826000 	C:\WINDOWS\SYSTEM32\ntdll.dll
0x00007ff890350000 - 0x00007ff89040d000 	C:\WINDOWS\System32\KERNEL32.DLL
0x00007ff88de90000 - 0x00007ff88e159000 	C:\WINDOWS\System32\KERNELBASE.dll
0x00007ff88ef60000 - 0x00007ff88f00c000 	C:\WINDOWS\System32\ADVAPI32.dll
0x00007ff88fcd0000 - 0x00007ff88fd6e000 	C:\WINDOWS\System32\msvcrt.dll
0x00007ff88f640000 - 0x00007ff88f6dc000 	C:\WINDOWS\System32\sechost.dll
0x00007ff88f010000 - 0x00007ff88f13b000 	C:\WINDOWS\System32\RPCRT4.dll
0x00007ff88f240000 - 0x00007ff88f3e0000 	C:\WINDOWS\System32\USER32.dll
0x00007ff88e160000 - 0x00007ff88e182000 	C:\WINDOWS\System32\win32u.dll
0x00007ff88fca0000 - 0x00007ff88fcca000 	C:\WINDOWS\System32\GDI32.dll
0x00007ff88e3c0000 - 0x00007ff88e4c9000 	C:\WINDOWS\System32\gdi32full.dll
0x00007ff88ddf0000 - 0x00007ff88de8d000 	C:\WINDOWS\System32\msvcp_win.dll
0x00007ff88e240000 - 0x00007ff88e340000 	C:\WINDOWS\System32\ucrtbase.dll
0x00007ff87a580000 - 0x00007ff87a81b000 	C:\WINDOWS\WinSxS\amd64_microsoft.windows.common-controls_6595b64144ccf1df_6.0.19041.488_none_ca04af081b815d21\COMCTL32.dll
0x00007ff88fde0000 - 0x00007ff88fe10000 	C:\WINDOWS\System32\IMM32.DLL
0x000000006ffb0000 - 0x0000000070082000 	C:\Program Files\Android\Android Studio\jre\jre\bin\msvcr100.dll
0x0000000070110000 - 0x000000007095b000 	C:\Program Files\Android\Android Studio\jre\jre\bin\server\jvm.dll
0x00007ff88f210000 - 0x00007ff88f218000 	C:\WINDOWS\System32\PSAPI.DLL
0x00007ff872070000 - 0x00007ff872079000 	C:\WINDOWS\SYSTEM32\WSOCK32.dll
0x00007ff87aae0000 - 0x00007ff87ab07000 	C:\WINDOWS\SYSTEM32\WINMM.dll
0x00007ff885cf0000 - 0x00007ff885cfa000 	C:\WINDOWS\SYSTEM32\VERSION.dll
0x00007ff88fd70000 - 0x00007ff88fddb000 	C:\WINDOWS\System32\WS2_32.dll
0x00007ff874660000 - 0x00007ff87466f000 	C:\Program Files\Android\Android Studio\jre\jre\bin\verify.dll
0x00007ff826080000 - 0x00007ff8260a9000 	C:\Program Files\Android\Android Studio\jre\jre\bin\java.dll
0x00007ff826060000 - 0x00007ff826076000 	C:\Program Files\Android\Android Studio\jre\jre\bin\zip.dll
0x00007ff88e800000 - 0x00007ff88ef42000 	C:\WINDOWS\System32\SHELL32.dll
0x00007ff88be30000 - 0x00007ff88c5c5000 	C:\WINDOWS\SYSTEM32\windows.storage.dll
0x00007ff88ff90000 - 0x00007ff8902e6000 	C:\WINDOWS\System32\combase.dll
0x00007ff88d7e0000 - 0x00007ff88d80c000 	C:\WINDOWS\SYSTEM32\Wldp.dll
0x00007ff890540000 - 0x00007ff8905ee000 	C:\WINDOWS\System32\SHCORE.dll
0x00007ff88ff30000 - 0x00007ff88ff85000 	C:\WINDOWS\System32\shlwapi.dll
0x00007ff88dca0000 - 0x00007ff88dcc6000 	C:\WINDOWS\SYSTEM32\profapi.dll
0x00007ff8886f0000 - 0x00007ff88870a000 	C:\Program Files\Android\Android Studio\jre\jre\bin\net.dll
0x00007ff88d560000 - 0x00007ff88d5ca000 	C:\WINDOWS\system32\mswsock.dll
0x00007ff8886d0000 - 0x00007ff8886e3000 	C:\Program Files\Android\Android Studio\jre\jre\bin\nio.dll
0x00007ff878100000 - 0x00007ff878127000 	C:\Users\ciki3\.gradle\native\f6784746aeab05261644944871eae4fe03e0ef1612fff0a4a95f87b438bc6780\windows-amd64\native-platform.dll
0x00007ff8886c0000 - 0x00007ff8886cd000 	C:\Program Files\Android\Android Studio\jre\jre\bin\management.dll
0x00007ff88d730000 - 0x00007ff88d748000 	C:\WINDOWS\SYSTEM32\CRYPTSP.dll
0x00007ff88ce80000 - 0x00007ff88ceb4000 	C:\WINDOWS\system32\rsaenh.dll
0x00007ff88e390000 - 0x00007ff88e3b7000 	C:\WINDOWS\System32\bcrypt.dll
0x00007ff88dc20000 - 0x00007ff88dc4e000 	C:\WINDOWS\SYSTEM32\USERENV.dll
0x00007ff88dd70000 - 0x00007ff88ddf0000 	C:\WINDOWS\System32\bcryptprimitives.dll
0x00007ff88d750000 - 0x00007ff88d75c000 	C:\WINDOWS\SYSTEM32\CRYPTBASE.dll
0x00007ff88d200000 - 0x00007ff88d23b000 	C:\WINDOWS\SYSTEM32\IPHLPAPI.DLL
0x00007ff88f820000 - 0x00007ff88f828000 	C:\WINDOWS\System32\NSI.dll
0x00007ff8816c0000 - 0x00007ff8816d7000 	C:\WINDOWS\SYSTEM32\dhcpcsvc6.DLL
0x00007ff8838c0000 - 0x00007ff8838dd000 	C:\WINDOWS\SYSTEM32\dhcpcsvc.DLL
0x00007ff88d240000 - 0x00007ff88d30b000 	C:\WINDOWS\SYSTEM32\DNSAPI.dll
0x00007ff8844b0000 - 0x00007ff8844bb000 	C:\WINDOWS\SYSTEM32\WINNSI.DLL
0x00007ff88b310000 - 0x00007ff88b3a0000 	C:\WINDOWS\system32\apphelp.dll
0x00007ff81ab30000 - 0x00007ff81ab54000 	C:\Program Files\Android\Android Studio\jre\jre\bin\sunec.dll
0x00007ff885ac0000 - 0x00007ff885aca000 	C:\Windows\System32\rasadhlp.dll
0x00007ff879350000 - 0x00007ff8793cf000 	C:\WINDOWS\System32\fwpuclnt.dll
0x00007ff8835d0000 - 0x00007ff8835db000 	C:\Program Files\Android\Android Studio\jre\jre\bin\sunmscapi.dll
0x00007ff88e4d0000 - 0x00007ff88e62d000 	C:\WINDOWS\System32\CRYPT32.dll
0x00007ff88cab0000 - 0x00007ff88cae3000 	C:\WINDOWS\SYSTEM32\ntmarta.dll
0x00007ff854690000 - 0x00007ff85482c000 	C:\Program Files\Android\Android Studio\jre\jre\bin\awt.dll
0x00007ff88f140000 - 0x00007ff88f20d000 	C:\WINDOWS\System32\OLEAUT32.dll
0x00007ff88b670000 - 0x00007ff88b69f000 	C:\WINDOWS\SYSTEM32\dwmapi.dll
0x00007ff88a0b0000 - 0x00007ff88a670000 	C:\WINDOWS\SYSTEM32\d2d1.dll
0x00007ff88b480000 - 0x00007ff88b51e000 	C:\WINDOWS\system32\uxtheme.dll
0x00007ff889950000 - 0x00007ff88996e000 	C:\Users\ciki3\AppData\Local\Temp\native-platform3488635679486103229dir\native-platform.dll

VM Arguments:
jvm_args: -Xmx2048m -Dfile.encoding=UTF-8 -Duser.country=NL -Duser.language=nl -Duser.variant 
java_command: org.gradle.launcher.daemon.bootstrap.GradleDaemon 6.5
java_class_path (initial): C:\Users\ciki3\.gradle\wrapper\dists\gradle-6.5-all\2oz4ud9k3tuxjg84bbf55q0tn\gradle-6.5\lib\gradle-launcher-6.5.jar
Launcher Type: SUN_STANDARD

Environment Variables:
USERNAME=ciki3
OS=Windows_NT
PROCESSOR_IDENTIFIER=Intel64 Family 6 Model 94 Stepping 3, GenuineIntel



---------------  S Y S T E M  ---------------

OS: Windows 10.0 , 64 bit Build 19041 (10.0.19041.662)

CPU:total 8 (initial active 8) (4 cores per cpu, 2 threads per core) family 6 model 94 stepping 3, cmov, cx8, fxsr, mmx, sse, sse2, sse3, ssse3, sse4.1, sse4.2, popcnt, avx, avx2, aes, clmul, erms, rtm, 3dnowpref, lzcnt, ht, tsc, tscinvbit, bmi1, bmi2, adx

Memory: 4k page, physical 16593632k(2653956k free), swap 16593632k(6388k free)

vm_info: OpenJDK 64-Bit Server VM (25.242-b01) for windows-amd64 JRE (1.8.0_242-release-1644-b01), built by "builder" with MS VC++ 10.0 (VS2010)

time: Fri Dec 18 02:35:44 2020
timezone: Romance (standaardtijd)
elapsed time: 2159 seconds (0d 0h 35m 59s)

