#
# There is insufficient memory for the Java Runtime Environment to continue.
# Native memory allocation (malloc) failed to allocate 1526736 bytes for Chunk::new
# Possible reasons:
#   The system is out of physical RAM or swap space
#   The process is running with CompressedOops enabled, and the Java Heap may be blocking the growth of the native heap
# Possible solutions:
#   Reduce memory load on the system
#   Increase physical memory or swap space
#   Check if swap backing store is full
#   Decrease Java heap size (-Xmx/-Xms)
#   Decrease number of Java threads
#   Decrease Java thread stack sizes (-Xss)
#   Set larger code cache with -XX:ReservedCodeCacheSize=
#   JVM is running with Unscaled Compressed Oops mode in which the Java heap is
#     placed in the first 4GB address space. The Java Heap base address is the
#     maximum limit for the native heap growth. Please use -XX:HeapBaseMinAddress
#     to set the Java Heap base and to place the Java Heap above 4GB virtual address.
# This output file may be truncated or incomplete.
#
#  Out of Memory Error (allocation.cpp:389), pid=8420, tid=0x0000000000004080
#
# JRE version: OpenJDK Runtime Environment (8.0_242-b01) (build 1.8.0_242-release-1644-b01)
# Java VM: OpenJDK 64-Bit Server VM (25.242-b01 mixed mode windows-amd64 compressed oops)
# Failed to write core dump. Minidumps are not enabled by default on client versions of Windows
#

---------------  T H R E A D  ---------------

Current thread (0x00000000192f1000):  JavaThread "C2 CompilerThread0" daemon [_thread_in_native, id=16512, stack(0x0000000019be0000,0x0000000019ce0000)]

Stack: [0x0000000019be0000,0x0000000019ce0000]
[error occurred during error reporting (printing stack bounds), id 0xc0000005]

Native frames: (J=compiled Java code, j=interpreted, Vv=VM code, C=native code)


Current CompileTask:
C2:2669638 31137 %     4       com.android.tools.r8.dex.A::a @ 183 (3958 bytes)


---------------  P R O C E S S  ---------------

Java Threads: ( => current thread )
  0x000000001c286000 JavaThread "ForkJoinPool-8-worker-0" daemon [_thread_in_vm, id=13600, stack(0x000000003b830000,0x000000003b930000)]
  0x000000001c289800 JavaThread "ForkJoinPool-8-worker-7" daemon [_thread_blocked, id=6076, stack(0x000000003b730000,0x000000003b830000)]
  0x000000001c289000 JavaThread "ForkJoinPool-8-worker-6" daemon [_thread_blocked, id=16540, stack(0x000000003a660000,0x000000003a760000)]
  0x000000002c84b000 JavaThread "ForkJoinPool-8-worker-5" daemon [_thread_blocked, id=17548, stack(0x0000000038e30000,0x0000000038f30000)]
  0x000000002c840800 JavaThread "ForkJoinPool-8-worker-4" daemon [_thread_blocked, id=10944, stack(0x0000000038d30000,0x0000000038e30000)]
  0x000000002c843800 JavaThread "ForkJoinPool-8-worker-3" daemon [_thread_blocked, id=14828, stack(0x0000000038c30000,0x0000000038d30000)]
  0x000000002c83f800 JavaThread "ForkJoinPool-8-worker-2" daemon [_thread_blocked, id=13216, stack(0x0000000038730000,0x0000000038830000)]
  0x000000002c842800 JavaThread "ForkJoinPool-8-worker-1" daemon [_thread_blocked, id=15204, stack(0x0000000038430000,0x0000000038530000)]
  0x000000001aaf2000 JavaThread "WorkerExecutor Queue Thread 5" [_thread_blocked, id=6552, stack(0x0000000035440000,0x0000000035540000)]
  0x000000001b1fc000 JavaThread "stdout" [_thread_in_native, id=16888, stack(0x0000000035010000,0x0000000035110000)]
  0x000000001b1fa800 JavaThread "stderr" [_thread_in_native, id=15136, stack(0x0000000034af0000,0x0000000034bf0000)]
  0x000000001b1f9000 JavaThread "pool-25-thread-1" [_thread_blocked, id=18076, stack(0x00000000349f0000,0x0000000034af0000)]
  0x000000001b1f8000 JavaThread "WorkerExecutor Queue" [_thread_blocked, id=14556, stack(0x00000000343f0000,0x00000000344f0000)]
  0x000000001b1f3800 JavaThread "Cache worker for execution history cache (D:\Users\ciki3\Desktop\Kozynina_Olena_BasisscholenGent\.gradle\6.5\executionHistory)" [_thread_blocked, id=10528, stack(0x00000000342f0000,0x00000000343f0000)]
  0x000000001b1f3000 JavaThread "Execution worker for ':' Thread 7" [_thread_blocked, id=13412, stack(0x00000000341f0000,0x00000000342f0000)]
  0x000000001b1f2000 JavaThread "Execution worker for ':' Thread 6" [_thread_blocked, id=15068, stack(0x00000000340f0000,0x00000000341f0000)]
  0x000000001b1f6000 JavaThread "Execution worker for ':' Thread 5" [_thread_blocked, id=10940, stack(0x0000000033ff0000,0x00000000340f0000)]
  0x000000001b1f5000 JavaThread "Execution worker for ':' Thread 4" [_thread_blocked, id=708, stack(0x0000000033ef0000,0x0000000033ff0000)]
  0x000000001b1f4800 JavaThread "Execution worker for ':' Thread 3" [_thread_blocked, id=13008, stack(0x0000000031820000,0x0000000031920000)]
  0x000000002cc8f800 JavaThread "Execution worker for ':' Thread 2" [_thread_blocked, id=148, stack(0x00000000305c0000,0x00000000306c0000)]
  0x000000002cc8f000 JavaThread "Execution worker for ':'" [_thread_blocked, id=17276, stack(0x000000002f840000,0x000000002f940000)]
  0x000000002cc8d800 JavaThread "Cache worker for file content cache (D:\Users\ciki3\Desktop\Kozynina_Olena_BasisscholenGent\.gradle\6.5\fileContent)" [_thread_blocked, id=3956, stack(0x000000002f340000,0x000000002f440000)]
  0x000000002cc8c000 JavaThread "Cache worker for Build Output Cleanup Cache (D:\Users\ciki3\Desktop\Kozynina_Olena_BasisscholenGent\.gradle\buildOutputCleanup)" [_thread_blocked, id=13096, stack(0x00000000243e0000,0x00000000244e0000)]
  0x000000002cc8e000 JavaThread "Build operations Thread 8" [_thread_blocked, id=10284, stack(0x00000000242e0000,0x00000000243e0000)]
  0x000000002cc8c800 JavaThread "Build operations Thread 7" [_thread_blocked, id=2168, stack(0x00000000241e0000,0x00000000242e0000)]
  0x000000002cc84800 JavaThread "Build operations Thread 6" [_thread_blocked, id=12844, stack(0x00000000240e0000,0x00000000241e0000)]
  0x000000002cc8b000 JavaThread "Build operations Thread 5" [_thread_blocked, id=2304, stack(0x0000000023fe0000,0x00000000240e0000)]
  0x000000002cc89000 JavaThread "Build operations Thread 4" [_thread_blocked, id=13932, stack(0x0000000023ee0000,0x0000000023fe0000)]
  0x000000002cc8a800 JavaThread "Build operations Thread 3" [_thread_blocked, id=7084, stack(0x0000000023be0000,0x0000000023ce0000)]
  0x000000002cc81800 JavaThread "Build operations Thread 2" [_thread_blocked, id=14820, stack(0x0000000023ae0000,0x0000000023be0000)]
  0x000000002cc83800 JavaThread "Build operations" [_thread_blocked, id=3760, stack(0x00000000239e0000,0x0000000023ae0000)]
  0x000000002cc87800 JavaThread "Cache worker for cache directory md-rule (C:\Users\ciki3\.gradle\caches\6.5\md-rule)" [_thread_blocked, id=11140, stack(0x0000000021b10000,0x0000000021c10000)]
  0x000000002cc83000 JavaThread "Cache worker for cache directory md-supplier (C:\Users\ciki3\.gradle\caches\6.5\md-supplier)" [_thread_blocked, id=5052, stack(0x0000000021a10000,0x0000000021b10000)]
  0x000000002cc82000 JavaThread "Cache worker for checksums cache (D:\Users\ciki3\Desktop\Kozynina_Olena_BasisscholenGent\.gradle\checksums)" [_thread_blocked, id=14804, stack(0x000000001de20000,0x000000001df20000)]
  0x000000002cc86800 JavaThread "Cache worker for file hash cache (D:\Users\ciki3\Desktop\Kozynina_Olena_BasisscholenGent\.gradle\6.5\fileHashes)" [_thread_blocked, id=1100, stack(0x000000001dd20000,0x000000001de20000)]
  0x000000002cc86000 JavaThread "Thread-1194" [_thread_blocked, id=8468, stack(0x000000001dc20000,0x000000001dd20000)]
  0x000000001ea25800 JavaThread "Stdin handler" [_thread_blocked, id=3608, stack(0x000000001db20000,0x000000001dc20000)]
  0x000000001ea27800 JavaThread "Asynchronous log dispatcher for DefaultDaemonConnection: socket connection from /127.0.0.1:50645 to /127.0.0.1:51140" [_thread_blocked, id=15076, stack(0x000000001d920000,0x000000001da20000)]
  0x000000001ea27000 JavaThread "Cancel handler" [_thread_blocked, id=13508, stack(0x000000001d720000,0x000000001d820000)]
  0x000000001ea24800 JavaThread "Handler for socket connection from /127.0.0.1:50645 to /127.0.0.1:51140" [_thread_in_native, id=10888, stack(0x000000001d0c0000,0x000000001d1c0000)]
  0x000000001ea2a800 JavaThread "ForkJoinPool.commonPool-worker-0" daemon [_thread_blocked, id=4172, stack(0x0000000038530000,0x0000000038630000)]
  0x000000002c847000 JavaThread "ForkJoinPool.commonPool-worker-7" daemon [_thread_blocked, id=4864, stack(0x0000000038930000,0x0000000038a30000)]
  0x000000002c83c000 JavaThread "ForkJoinPool.commonPool-worker-6" daemon [_thread_blocked, id=4340, stack(0x0000000038830000,0x0000000038930000)]
  0x000000001aaf1800 JavaThread "Cache worker for Java compile cache (C:\Users\ciki3\.gradle\caches\6.5\javaCompile)" [_thread_blocked, id=16588, stack(0x00000000362e0000,0x00000000363e0000)]
  0x000000001aaf6000 JavaThread "RMI TCP Connection(idle)" daemon [_thread_blocked, id=8064, stack(0x00000000361e0000,0x00000000362e0000)]
  0x000000001aaea000 JavaThread "RMI TCP Connection(idle)" daemon [_thread_blocked, id=5696, stack(0x0000000034f10000,0x0000000035010000)]
  0x000000001aaed000 JavaThread "RMI Reaper" [_thread_blocked, id=7152, stack(0x0000000034e10000,0x0000000034f10000)]
  0x000000001aaf0800 JavaThread "RMI TCP Accept-0" daemon [_thread_in_native, id=16256, stack(0x0000000034d10000,0x0000000034e10000)]
  0x000000001b1fd800 JavaThread "GC Daemon" daemon [_thread_blocked, id=17996, stack(0x0000000034c10000,0x0000000034d10000)]
  0x000000001b1f9800 JavaThread "RMI Scheduler(0)" daemon [_thread_blocked, id=13156, stack(0x00000000347f0000,0x00000000348f0000)]
  0x000000002cc85000 JavaThread "jar transforms Thread 833" [_thread_blocked, id=17648, stack(0x000000002ec40000,0x000000002ed40000)]
  0x0000000021967000 JavaThread "jar transforms Thread 832" [_thread_blocked, id=11340, stack(0x000000002d3b0000,0x000000002d4b0000)]
  0x0000000021966800 JavaThread "jar transforms Thread 831" [_thread_blocked, id=17576, stack(0x000000002b0e0000,0x000000002b1e0000)]
  0x0000000021965800 JavaThread "jar transforms Thread 830" [_thread_blocked, id=17760, stack(0x000000002abe0000,0x000000002ace0000)]
  0x0000000021965000 JavaThread "jar transforms Thread 829" [_thread_blocked, id=1168, stack(0x000000002aae0000,0x000000002abe0000)]
  0x000000002195c800 JavaThread "jar transforms Thread 828" [_thread_blocked, id=11960, stack(0x000000002a9e0000,0x000000002aae0000)]
  0x0000000021961000 JavaThread "jar transforms Thread 827" [_thread_blocked, id=4264, stack(0x000000002a8e0000,0x000000002a9e0000)]
  0x0000000021963800 JavaThread "jar transforms Thread 826" [_thread_blocked, id=12636, stack(0x000000002a7e0000,0x000000002a8e0000)]
  0x0000000021962000 JavaThread "jar transforms Thread 825" [_thread_blocked, id=13572, stack(0x000000002a6e0000,0x000000002a7e0000)]
  0x0000000021962800 JavaThread "jar transforms Thread 824" [_thread_blocked, id=17084, stack(0x000000002a5e0000,0x000000002a6e0000)]
  0x0000000021960800 JavaThread "jar transforms Thread 823" [_thread_blocked, id=10004, stack(0x000000002a4e0000,0x000000002a5e0000)]
  0x000000002195f800 JavaThread "jar transforms Thread 822" [_thread_blocked, id=13188, stack(0x000000002a3e0000,0x000000002a4e0000)]
  0x0000000021959800 JavaThread "jar transforms Thread 821" [_thread_blocked, id=2308, stack(0x000000002a2e0000,0x000000002a3e0000)]
  0x0000000021958000 JavaThread "jar transforms Thread 820" [_thread_blocked, id=12828, stack(0x000000002a1e0000,0x000000002a2e0000)]
  0x000000002195d800 JavaThread "jar transforms Thread 819" [_thread_blocked, id=5816, stack(0x000000002a0e0000,0x000000002a1e0000)]
  0x000000002195f000 JavaThread "jar transforms Thread 818" [_thread_blocked, id=2180, stack(0x0000000029fe0000,0x000000002a0e0000)]
  0x0000000021959000 JavaThread "jar transforms Thread 817" [_thread_blocked, id=16448, stack(0x0000000029ee0000,0x0000000029fe0000)]
  0x000000002195a800 JavaThread "jar transforms Thread 816" [_thread_blocked, id=9712, stack(0x0000000029de0000,0x0000000029ee0000)]
  0x000000002195b000 JavaThread "jar transforms Thread 815" [_thread_blocked, id=7964, stack(0x0000000029ce0000,0x0000000029de0000)]
  0x000000002195c000 JavaThread "jar transforms Thread 814" [_thread_blocked, id=15172, stack(0x0000000029be0000,0x0000000029ce0000)]
  0x000000002195e000 JavaThread "jar transforms Thread 813" [_thread_blocked, id=15008, stack(0x0000000029ae0000,0x0000000029be0000)]
  0x0000000021260800 JavaThread "jar transforms Thread 812" [_thread_blocked, id=7420, stack(0x00000000299e0000,0x0000000029ae0000)]
  0x000000002125f800 JavaThread "jar transforms Thread 811" [_thread_blocked, id=10256, stack(0x00000000297e0000,0x00000000298e0000)]
  0x000000002125e000 JavaThread "jar transforms Thread 810" [_thread_blocked, id=6856, stack(0x00000000296e0000,0x00000000297e0000)]
  0x000000002125d800 JavaThread "jar transforms Thread 809" [_thread_blocked, id=13764, stack(0x00000000295e0000,0x00000000296e0000)]
  0x000000002125f000 JavaThread "jar transforms Thread 808" [_thread_blocked, id=8448, stack(0x00000000294e0000,0x00000000295e0000)]
  0x000000002125c800 JavaThread "jar transforms Thread 807" [_thread_blocked, id=8876, stack(0x00000000293e0000,0x00000000294e0000)]
  0x0000000021255000 JavaThread "jar transforms Thread 806" [_thread_blocked, id=8228, stack(0x00000000292e0000,0x00000000293e0000)]
  0x000000002125c000 JavaThread "jar transforms Thread 805" [_thread_blocked, id=17720, stack(0x00000000291e0000,0x00000000292e0000)]
  0x0000000021254800 JavaThread "jar transforms Thread 804" [_thread_blocked, id=8480, stack(0x00000000290e0000,0x00000000291e0000)]
  0x000000002125b000 JavaThread "jar transforms Thread 803" [_thread_blocked, id=16200, stack(0x0000000028fe0000,0x00000000290e0000)]
  0x0000000021253800 JavaThread "jar transforms Thread 802" [_thread_blocked, id=17460, stack(0x0000000028ee0000,0x0000000028fe0000)]
  0x000000002125a800 JavaThread "jar transforms Thread 801" [_thread_blocked, id=10268, stack(0x0000000028de0000,0x0000000028ee0000)]
  0x0000000021253000 JavaThread "jar transforms Thread 800" [_thread_blocked, id=5836, stack(0x0000000028ce0000,0x0000000028de0000)]
  0x0000000021259800 JavaThread "jar transforms Thread 799" [_thread_blocked, id=13400, stack(0x0000000028be0000,0x0000000028ce0000)]
  0x0000000021252000 JavaThread "jar transforms Thread 798" [_thread_blocked, id=15160, stack(0x0000000028ae0000,0x0000000028be0000)]
  0x0000000021259000 JavaThread "jar transforms Thread 797" [_thread_blocked, id=3924, stack(0x00000000289e0000,0x0000000028ae0000)]
  0x0000000021251800 JavaThread "jar transforms Thread 796" [_thread_blocked, id=1040, stack(0x00000000288e0000,0x00000000289e0000)]
  0x0000000021256000 JavaThread "jar transforms Thread 795" [_thread_blocked, id=18132, stack(0x00000000287e0000,0x00000000288e0000)]
  0x0000000021258000 JavaThread "jar transforms Thread 794" [_thread_blocked, id=13352, stack(0x00000000286e0000,0x00000000287e0000)]
  0x0000000021257800 JavaThread "jar transforms Thread 793" [_thread_blocked, id=7740, stack(0x00000000285e0000,0x00000000286e0000)]
  0x000000001f923000 JavaThread "jar transforms Thread 792" [_thread_blocked, id=11116, stack(0x00000000284e0000,0x00000000285e0000)]
  0x000000001f922800 JavaThread "jar transforms Thread 791" [_thread_blocked, id=12452, stack(0x00000000283e0000,0x00000000284e0000)]
  0x000000001f921800 JavaThread "jar transforms Thread 790" [_thread_blocked, id=3628, stack(0x00000000282e0000,0x00000000283e0000)]
  0x000000001f921000 JavaThread "jar transforms Thread 789" [_thread_blocked, id=6016, stack(0x00000000281e0000,0x00000000282e0000)]
  0x000000001f919800 JavaThread "jar transforms Thread 788" [_thread_blocked, id=14492, stack(0x00000000280e0000,0x00000000281e0000)]
  0x000000001f920000 JavaThread "jar transforms Thread 787" [_thread_blocked, id=2936, stack(0x0000000027fe0000,0x00000000280e0000)]
  0x000000001f918800 JavaThread "jar transforms Thread 786" [_thread_blocked, id=1096, stack(0x0000000027ee0000,0x0000000027fe0000)]
  0x000000001f91f800 JavaThread "jar transforms Thread 785" [_thread_blocked, id=10936, stack(0x0000000027de0000,0x0000000027ee0000)]
  0x000000001f918000 JavaThread "jar transforms Thread 784" [_thread_blocked, id=15224, stack(0x0000000027ce0000,0x0000000027de0000)]
  0x000000001f91e800 JavaThread "jar transforms Thread 783" [_thread_blocked, id=12200, stack(0x0000000027be0000,0x0000000027ce0000)]
  0x000000001f91d000 JavaThread "jar transforms Thread 782" [_thread_blocked, id=16228, stack(0x0000000027ae0000,0x0000000027be0000)]
  0x000000001f91c800 JavaThread "jar transforms Thread 781" [_thread_blocked, id=18332, stack(0x00000000279e0000,0x0000000027ae0000)]
  0x000000001f91b800 JavaThread "jar transforms Thread 780" [_thread_blocked, id=16152, stack(0x00000000278e0000,0x00000000279e0000)]
  0x000000001f91e000 JavaThread "jar transforms Thread 779" [_thread_blocked, id=4104, stack(0x00000000277e0000,0x00000000278e0000)]
  0x000000001f91b000 JavaThread "jar transforms Thread 778" [_thread_blocked, id=17860, stack(0x00000000276e0000,0x00000000277e0000)]
  0x000000001f91a000 JavaThread "jar transforms Thread 777" [_thread_blocked, id=15144, stack(0x00000000275e0000,0x00000000276e0000)]
  0x000000001f910800 JavaThread "jar transforms Thread 776" [_thread_blocked, id=1092, stack(0x00000000274e0000,0x00000000275e0000)]
  0x000000001f917000 JavaThread "jar transforms Thread 775" [_thread_blocked, id=12348, stack(0x00000000273e0000,0x00000000274e0000)]
  0x000000001f916800 JavaThread "jar transforms Thread 774" [_thread_blocked, id=4652, stack(0x00000000272e0000,0x00000000273e0000)]
  0x000000001f90f800 JavaThread "jar transforms Thread 773" [_thread_blocked, id=11384, stack(0x00000000271e0000,0x00000000272e0000)]
  0x000000001f90e000 JavaThread "jar transforms Thread 772" [_thread_blocked, id=13200, stack(0x00000000270e0000,0x00000000271e0000)]
  0x000000001f90f000 JavaThread "jar transforms Thread 771" [_thread_blocked, id=16628, stack(0x0000000026fe0000,0x00000000270e0000)]
  0x000000001f915000 JavaThread "jar transforms Thread 770" [_thread_blocked, id=18412, stack(0x0000000026ee0000,0x0000000026fe0000)]
  0x000000001f912000 JavaThread "jar transforms Thread 769" [_thread_blocked, id=18112, stack(0x0000000026de0000,0x0000000026ee0000)]
  0x000000001f914000 JavaThread "jar transforms Thread 768" [_thread_blocked, id=12652, stack(0x0000000026ce0000,0x0000000026de0000)]
  0x000000001f911000 JavaThread "jar transforms Thread 767" [_thread_blocked, id=13940, stack(0x0000000026be0000,0x0000000026ce0000)]
  0x000000001f913800 JavaThread "jar transforms Thread 766" [_thread_blocked, id=272, stack(0x0000000026ae0000,0x0000000026be0000)]
  0x000000001f912800 JavaThread "jar transforms Thread 765" [_thread_blocked, id=4052, stack(0x00000000269e0000,0x0000000026ae0000)]
  0x000000001f906800 JavaThread "jar transforms Thread 764" [_thread_blocked, id=16548, stack(0x00000000268e0000,0x00000000269e0000)]
  0x000000001f90d800 JavaThread "jar transforms Thread 763" [_thread_blocked, id=18192, stack(0x00000000267e0000,0x00000000268e0000)]
  0x000000001f905800 JavaThread "jar transforms Thread 762" [_thread_blocked, id=10264, stack(0x00000000266e0000,0x00000000267e0000)]
  0x000000001f90c800 JavaThread "jar transforms Thread 761" [_thread_blocked, id=4828, stack(0x00000000265e0000,0x00000000266e0000)]
  0x000000001f905000 JavaThread "jar transforms Thread 760" [_thread_blocked, id=17680, stack(0x00000000264e0000,0x00000000265e0000)]
  0x000000001f90b800 JavaThread "jar transforms Thread 759" [_thread_blocked, id=3840, stack(0x00000000263e0000,0x00000000264e0000)]
  0x000000001f904000 JavaThread "jar transforms Thread 758" [_thread_blocked, id=10884, stack(0x00000000262e0000,0x00000000263e0000)]
  0x000000001f907000 JavaThread "jar transforms Thread 757" [_thread_blocked, id=14384, stack(0x00000000261e0000,0x00000000262e0000)]
  0x000000001f908800 JavaThread "jar transforms Thread 756" [_thread_blocked, id=17192, stack(0x00000000260e0000,0x00000000261e0000)]
  0x000000001f90a000 JavaThread "jar transforms Thread 755" [_thread_blocked, id=10800, stack(0x0000000025fe0000,0x00000000260e0000)]
  0x000000001f908000 JavaThread "jar transforms Thread 754" [_thread_blocked, id=14672, stack(0x0000000025ee0000,0x0000000025fe0000)]
  0x000000001f90b000 JavaThread "jar transforms Thread 753" [_thread_blocked, id=14344, stack(0x0000000025de0000,0x0000000025ee0000)]
  0x000000002c858800 JavaThread "jar transforms Thread 752" [_thread_blocked, id=1892, stack(0x0000000025ce0000,0x0000000025de0000)]
  0x000000002c858000 JavaThread "jar transforms Thread 751" [_thread_blocked, id=4860, stack(0x0000000025be0000,0x0000000025ce0000)]
  0x000000002c857000 JavaThread "jar transforms Thread 750" [_thread_blocked, id=9124, stack(0x0000000025ae0000,0x0000000025be0000)]
  0x000000002c856800 JavaThread "jar transforms Thread 749" [_thread_blocked, id=17016, stack(0x00000000259e0000,0x0000000025ae0000)]
  0x000000002c855800 JavaThread "jar transforms Thread 748" [_thread_blocked, id=11404, stack(0x00000000258e0000,0x00000000259e0000)]
  0x000000002c859800 JavaThread "jar transforms Thread 747" [_thread_blocked, id=18196, stack(0x00000000257e0000,0x00000000258e0000)]
  0x000000002c84e000 JavaThread "jar transforms Thread 746" [_thread_blocked, id=12552, stack(0x00000000256e0000,0x00000000257e0000)]
  0x000000002c855000 JavaThread "jar transforms Thread 745" [_thread_blocked, id=17864, stack(0x00000000255e0000,0x00000000256e0000)]
  0x000000002c854000 JavaThread "jar transforms Thread 744" [_thread_blocked, id=17396, stack(0x00000000254e0000,0x00000000255e0000)]
  0x000000002c853800 JavaThread "jar transforms Thread 743" [_thread_blocked, id=16568, stack(0x00000000253e0000,0x00000000254e0000)]
  0x000000002c851800 JavaThread "jar transforms Thread 742" [_thread_blocked, id=14696, stack(0x00000000252e0000,0x00000000253e0000)]
  0x000000002c850000 JavaThread "jar transforms Thread 741" [_thread_blocked, id=7748, stack(0x00000000251e0000,0x00000000252e0000)]
  0x000000002c84f800 JavaThread "jar transforms Thread 740" [_thread_blocked, id=14808, stack(0x00000000250e0000,0x00000000251e0000)]
  0x000000002c852800 JavaThread "jar transforms Thread 739" [_thread_blocked, id=17444, stack(0x0000000024fe0000,0x00000000250e0000)]
  0x000000002c851000 JavaThread "jar transforms Thread 738" [_thread_blocked, id=17572, stack(0x0000000024ee0000,0x0000000024fe0000)]
  0x000000002c84e800 JavaThread "jar transforms Thread 737" [_thread_blocked, id=12172, stack(0x0000000024de0000,0x0000000024ee0000)]
  0x000000002c846800 JavaThread "jar transforms Thread 736" [_thread_blocked, id=17992, stack(0x0000000024ce0000,0x0000000024de0000)]
  0x000000002c84d000 JavaThread "jar transforms Thread 735" [_thread_blocked, id=2948, stack(0x0000000024be0000,0x0000000024ce0000)]
  0x000000002c845800 JavaThread "jar transforms Thread 734" [_thread_blocked, id=14096, stack(0x0000000024ae0000,0x0000000024be0000)]
  0x000000002c84c800 JavaThread "jar transforms Thread 733" [_thread_blocked, id=11028, stack(0x00000000249e0000,0x0000000024ae0000)]
  0x000000002c84b800 JavaThread "jar transforms Thread 732" [_thread_blocked, id=16580, stack(0x00000000248e0000,0x00000000249e0000)]
  0x000000002c844000 JavaThread "jar transforms Thread 731" [_thread_blocked, id=2364, stack(0x00000000247e0000,0x00000000248e0000)]
  0x000000002c849800 JavaThread "jar transforms Thread 730" [_thread_blocked, id=1756, stack(0x00000000246e0000,0x00000000247e0000)]
  0x000000002c848800 JavaThread "jar transforms Thread 729" [_thread_blocked, id=16892, stack(0x00000000245e0000,0x00000000246e0000)]
  0x000000002c848000 JavaThread "jar transforms Thread 728" [_thread_blocked, id=10656, stack(0x00000000244e0000,0x00000000245e0000)]
  0x000000002c83f000 JavaThread "jar transforms Thread 727" [_thread_blocked, id=8188, stack(0x00000000236e0000,0x00000000237e0000)]
  0x000000002c842000 JavaThread "jar transforms Thread 726" [_thread_blocked, id=17692, stack(0x00000000235e0000,0x00000000236e0000)]
  0x000000002c83d800 JavaThread "jar transforms Thread 725" [_thread_blocked, id=1848, stack(0x00000000234e0000,0x00000000235e0000)]
  0x000000002c83e000 JavaThread "jar transforms Thread 724" [_thread_blocked, id=3600, stack(0x00000000233e0000,0x00000000234e0000)]
  0x000000002c841000 JavaThread "jar transforms Thread 723" [_thread_blocked, id=15012, stack(0x00000000232e0000,0x00000000233e0000)]
  0x000000002c83b000 JavaThread "jar transforms Thread 722" [_thread_blocked, id=15344, stack(0x00000000231e0000,0x00000000232e0000)]
  0x000000002c83a800 JavaThread "jar transforms Thread 721" [_thread_blocked, id=14340, stack(0x00000000230e0000,0x00000000231e0000)]
  0x000000001ea31800 JavaThread "jar transforms Thread 720" [_thread_blocked, id=17516, stack(0x0000000022fe0000,0x00000000230e0000)]
  0x000000001ea2e800 JavaThread "jar transforms Thread 719" [_thread_blocked, id=18168, stack(0x0000000022ee0000,0x0000000022fe0000)]
  0x000000001ea2d000 JavaThread "jar transforms Thread 718" [_thread_blocked, id=14104, stack(0x0000000022de0000,0x0000000022ee0000)]
  0x000000001ea30000 JavaThread "jar transforms Thread 717" [_thread_blocked, id=2260, stack(0x00000000225e0000,0x00000000226e0000)]
  0x000000001ea30800 JavaThread "jar transforms Thread 716" [_thread_blocked, id=9484, stack(0x0000000021d10000,0x0000000021e10000)]
  0x000000001ea2b800 JavaThread "jar transforms Thread 715" [_thread_blocked, id=13732, stack(0x0000000021c10000,0x0000000021d10000)]
  0x000000001ea23000 JavaThread "Daemon worker Thread 7" [_thread_blocked, id=14580, stack(0x000000001d820000,0x000000001d920000)]
  0x000000001ea28800 JavaThread "Daemon Thread 7" [_thread_blocked, id=15096, stack(0x00000000007c0000,0x00000000008c0000)]
  0x000000001b1f7800 JavaThread "MarlinRenderer Disposer" daemon [_thread_blocked, id=5760, stack(0x00000000302c0000,0x00000000303c0000)]
  0x000000001b1f6800 JavaThread "Java2D Disposer" daemon [_thread_blocked, id=2756, stack(0x00000000301c0000,0x00000000302c0000)]
  0x000000001aaec000 JavaThread "Memory manager" [_thread_blocked, id=4940, stack(0x000000002d500000,0x000000002d600000)]
  0x000000001c28b000 JavaThread "Cache worker for file content cache (C:\Users\ciki3\.gradle\caches\6.5\fileContent)" [_thread_blocked, id=18032, stack(0x00000000226e0000,0x00000000227e0000)]
  0x000000001c288000 JavaThread "Cache worker for execution history cache (C:\Users\ciki3\.gradle\caches\6.5\executionHistory)" [_thread_blocked, id=12752, stack(0x0000000021ee0000,0x0000000021fe0000)]
  0x000000001c285000 JavaThread "Cache worker for file hash cache (C:\Users\ciki3\.gradle\caches\6.5\fileHashes)" [_thread_blocked, id=4468, stack(0x000000001e320000,0x000000001e420000)]
  0x000000001c287800 JavaThread "File lock request listener" [_thread_in_native, id=5524, stack(0x000000001e220000,0x000000001e320000)]
  0x000000001c294800 JavaThread "Cache worker for journal cache (C:\Users\ciki3\.gradle\caches\journal-1)" [_thread_blocked, id=11428, stack(0x000000001e120000,0x000000001e220000)]
  0x000000001be16800 JavaThread "Daemon periodic checks" [_thread_blocked, id=14320, stack(0x000000001d420000,0x000000001d520000)]
  0x000000001be27000 JavaThread "Incoming local TCP Connector on port 50645" [_thread_in_native, id=3508, stack(0x000000001d1c0000,0x000000001d2c0000)]
  0x000000001bcfa000 JavaThread "Daemon health stats" [_thread_blocked, id=11008, stack(0x000000001cb80000,0x000000001cc80000)]
  0x0000000019394800 JavaThread "Service Thread" daemon [_thread_blocked, id=11564, stack(0x0000000019fe0000,0x000000001a0e0000)]
  0x00000000192fd000 JavaThread "C1 CompilerThread3" daemon [_thread_blocked, id=11188, stack(0x0000000019ee0000,0x0000000019fe0000)]
  0x00000000192f6800 JavaThread "C2 CompilerThread2" daemon [_thread_in_native, id=9836, stack(0x0000000019de0000,0x0000000019ee0000)]
  0x00000000192f5800 JavaThread "C2 CompilerThread1" daemon [_thread_blocked, id=17748, stack(0x0000000019ce0000,0x0000000019de0000)]
=>0x00000000192f1000 JavaThread "C2 CompilerThread0" daemon [_thread_in_native, id=16512, stack(0x0000000019be0000,0x0000000019ce0000)]
  0x00000000192f0000 JavaThread "Attach Listener" daemon [_thread_blocked, id=17264, stack(0x0000000019ae0000,0x0000000019be0000)]
  0x00000000192ef000 JavaThread "Signal Dispatcher" daemon [_thread_blocked, id=16824, stack(0x00000000199e0000,0x0000000019ae0000)]
  0x00000000192e0800 JavaThread "Finalizer" daemon [_thread_blocked, id=6896, stack(0x00000000197c0000,0x00000000198c0000)]
  0x0000000002448000 JavaThread "Reference Handler" daemon [_thread_blocked, id=4600, stack(0x00000000196c0000,0x00000000197c0000)]
  0x0000000002352800 JavaThread "main" [_thread_blocked, id=4868, stack(0x00000000021a0000,0x00000000022a0000)]

Other Threads:
  0x00000000174b6000 VMThread [stack: 0x00000000191c0000,0x00000000192c0000] [id=6500]
  0x0000000019395000 WatcherThread [stack: 0x000000001a0e0000,0x000000001a1e0000] [id=15636]

VM state:not at safepoint (normal execution)

VM Mutex/Monitor currently owned by a thread: None

heap address: 0x0000000080000000, size: 2048 MB, Compressed Oops mode: 32-bit
Narrow klass base: 0x0000000000000000, Narrow klass shift: 3
Compressed class space size: 1073741824 Address: 0x0000000100000000

Heap:
 PSYoungGen      total 472576K, used 147605K [0x00000000d5580000, 0x0000000100000000, 0x0000000100000000)
  eden space 270848K, 54% used [0x00000000d5580000,0x00000000de5c2760,0x00000000e5e00000)
  from space 201728K, 0% used [0x00000000f2100000,0x00000000f2100000,0x00000000fe600000)
  to   space 199680K, 0% used [0x00000000e5e00000,0x00000000e5e00000,0x00000000f2100000)
 ParOldGen       total 532992K, used 185964K [0x0000000080000000, 0x00000000a0880000, 0x00000000d5580000)
  object space 532992K, 34% used [0x0000000080000000,0x000000008b59b080,0x00000000a0880000)
 Metaspace       used 144884K, capacity 153872K, committed 156440K, reserved 1185792K
  class space    used 18347K, capacity 20022K, committed 20528K, reserved 1048576K

Card table byte_map: [0x0000000011810000,0x0000000011c20000] byte_map_base: 0x0000000011410000

Marking Bits: (ParMarkBitMap*) 0x00000000708df030
 Begin Bits: [0x00000000126d0000, 0x00000000146d0000)
 End Bits:   [0x00000000146d0000, 0x00000000166d0000)

Polling page: 0x0000000000620000

CodeCache: size=245760Kb used=79088Kb max_used=79175Kb free=166671Kb
 bounds [0x0000000002450000, 0x0000000007220000, 0x0000000011450000]
 total_blobs=24419 nmethods=23300 adapters=1030
 compilation: enabled

Compilation events (10 events):
Event: 2669.151 Thread 0x00000000192fd000 31153       3       com.android.tools.r8.code.I0::hashCode (21 bytes)
Event: 2669.152 Thread 0x00000000192fd000 nmethod 31153 0x000000000592d690 code [0x000000000592d800, 0x000000000592dac8]
Event: 2669.367 Thread 0x00000000192f5800 31154       4       java.util.LinkedList$ListItr::set (28 bytes)
Event: 2669.370 Thread 0x00000000192f5800 nmethod 31154 0x0000000004416050 code [0x0000000004416180, 0x0000000004416258]
Event: 2669.546 Thread 0x00000000192f5800 31155       4       com.android.tools.r8.code.R0::hashCode (24 bytes)
Event: 2669.553 Thread 0x00000000192f5800 nmethod 31155 0x0000000005caff50 code [0x0000000005cb00a0, 0x0000000005cb0348]
Event: 2669.558 Thread 0x00000000192f5800 31156       4       com.android.tools.r8.code.b0::<init> (7 bytes)
Event: 2669.559 Thread 0x00000000192f5800 nmethod 31156 0x00000000066691d0 code [0x0000000006669300, 0x0000000006669378]
Event: 2669.592 Thread 0x00000000192fd000 31157       3       com.android.tools.r8.code.K0::hashCode (29 bytes)
Event: 2669.593 Thread 0x00000000192fd000 nmethod 31157 0x0000000003dc0ad0 code [0x0000000003dc0c40, 0x0000000003dc0f28]

GC Heap History (10 events):
Event: 2645.603 GC heap before
{Heap before GC invocations=35 (full 4):
 PSYoungGen      total 449536K, used 449514K [0x00000000d5580000, 0x0000000100000000, 0x0000000100000000)
  eden space 304640K, 100% used [0x00000000d5580000,0x00000000e7f00000,0x00000000e7f00000)
  from space 144896K, 99% used [0x00000000f6980000,0x00000000ff6fa870,0x00000000ff700000)
  to   space 197120K, 0% used [0x00000000e7f00000,0x00000000e7f00000,0x00000000f3f80000)
 ParOldGen       total 335872K, used 222600K [0x0000000080000000, 0x0000000094800000, 0x00000000d5580000)
  object space 335872K, 66% used [0x0000000080000000,0x000000008d9620c8,0x0000000094800000)
 Metaspace       used 144291K, capacity 154082K, committed 154136K, reserved 1183744K
  class space    used 18417K, capacity 20224K, committed 20272K, reserved 1048576K
Event: 2645.786 GC heap after
Heap after GC invocations=35 (full 4):
 PSYoungGen      total 467456K, used 162446K [0x00000000d5580000, 0x0000000100000000, 0x0000000100000000)
  eden space 304640K, 0% used [0x00000000d5580000,0x00000000d5580000,0x00000000e7f00000)
  from space 162816K, 99% used [0x00000000e7f00000,0x00000000f1da3a10,0x00000000f1e00000)
  to   space 217600K, 0% used [0x00000000f2b80000,0x00000000f2b80000,0x0000000100000000)
 ParOldGen       total 335872K, used 243296K [0x0000000080000000, 0x0000000094800000, 0x00000000d5580000)
  object space 335872K, 72% used [0x0000000080000000,0x000000008ed98340,0x0000000094800000)
 Metaspace       used 144291K, capacity 154082K, committed 154136K, reserved 1183744K
  class space    used 18417K, capacity 20224K, committed 20272K, reserved 1048576K
}
Event: 2659.914 GC heap before
{Heap before GC invocations=36 (full 4):
 PSYoungGen      total 467456K, used 467086K [0x00000000d5580000, 0x0000000100000000, 0x0000000100000000)
  eden space 304640K, 100% used [0x00000000d5580000,0x00000000e7f00000,0x00000000e7f00000)
  from space 162816K, 99% used [0x00000000e7f00000,0x00000000f1da3a10,0x00000000f1e00000)
  to   space 217600K, 0% used [0x00000000f2b80000,0x00000000f2b80000,0x0000000100000000)
 ParOldGen       total 335872K, used 243296K [0x0000000080000000, 0x0000000094800000, 0x00000000d5580000)
  object space 335872K, 72% used [0x0000000080000000,0x000000008ed98340,0x0000000094800000)
 Metaspace       used 145618K, capacity 155826K, committed 155928K, reserved 1185792K
  class space    used 18599K, capacity 20474K, committed 20528K, reserved 1048576K
Event: 2660.055 GC heap after
Heap after GC invocations=36 (full 4):
 PSYoungGen      total 486400K, used 105286K [0x00000000d5580000, 0x0000000100000000, 0x0000000100000000)
  eden space 268800K, 0% used [0x00000000d5580000,0x00000000d5580000,0x00000000e5c00000)
  from space 217600K, 48% used [0x00000000f2b80000,0x00000000f92519d8,0x0000000100000000)
  to   space 212480K, 0% used [0x00000000e5c00000,0x00000000e5c00000,0x00000000f2b80000)
 ParOldGen       total 335872K, used 253225K [0x0000000080000000, 0x0000000094800000, 0x00000000d5580000)
  object space 335872K, 75% used [0x0000000080000000,0x000000008f74a678,0x0000000094800000)
 Metaspace       used 145618K, capacity 155826K, committed 155928K, reserved 1185792K
  class space    used 18599K, capacity 20474K, committed 20528K, reserved 1048576K
}
Event: 2663.737 GC heap before
{Heap before GC invocations=37 (full 4):
 PSYoungGen      total 486400K, used 374086K [0x00000000d5580000, 0x0000000100000000, 0x0000000100000000)
  eden space 268800K, 100% used [0x00000000d5580000,0x00000000e5c00000,0x00000000e5c00000)
  from space 217600K, 48% used [0x00000000f2b80000,0x00000000f92519d8,0x0000000100000000)
  to   space 212480K, 0% used [0x00000000e5c00000,0x00000000e5c00000,0x00000000f2b80000)
 ParOldGen       total 335872K, used 253225K [0x0000000080000000, 0x0000000094800000, 0x00000000d5580000)
  object space 335872K, 75% used [0x0000000080000000,0x000000008f74a678,0x0000000094800000)
 Metaspace       used 145805K, capacity 155998K, committed 156184K, reserved 1185792K
  class space    used 18617K, capacity 20504K, committed 20528K, reserved 1048576K
Event: 2663.904 GC heap after
Heap after GC invocations=37 (full 4):
 PSYoungGen      total 343040K, used 73851K [0x00000000d5580000, 0x00000000fe600000, 0x0000000100000000)
  eden space 268800K, 0% used [0x00000000d5580000,0x00000000d5580000,0x00000000e5c00000)
  from space 74240K, 99% used [0x00000000e5c00000,0x00000000ea41ecb8,0x00000000ea480000)
  to   space 201728K, 0% used [0x00000000f2100000,0x00000000f2100000,0x00000000fe600000)
 ParOldGen       total 335872K, used 281918K [0x0000000080000000, 0x0000000094800000, 0x00000000d5580000)
  object space 335872K, 83% used [0x0000000080000000,0x000000009134f838,0x0000000094800000)
 Metaspace       used 145805K, capacity 155998K, committed 156184K, reserved 1185792K
  class space    used 18617K, capacity 20504K, committed 20528K, reserved 1048576K
}
Event: 2665.401 GC heap before
{Heap before GC invocations=38 (full 4):
 PSYoungGen      total 343040K, used 342651K [0x00000000d5580000, 0x00000000fe600000, 0x0000000100000000)
  eden space 268800K, 100% used [0x00000000d5580000,0x00000000e5c00000,0x00000000e5c00000)
  from space 74240K, 99% used [0x00000000e5c00000,0x00000000ea41ecb8,0x00000000ea480000)
  to   space 201728K, 0% used [0x00000000f2100000,0x00000000f2100000,0x00000000fe600000)
 ParOldGen       total 335872K, used 281918K [0x0000000080000000, 0x0000000094800000, 0x00000000d5580000)
  object space 335872K, 83% used [0x0000000080000000,0x000000009134f838,0x0000000094800000)
 Metaspace       used 145920K, capacity 156194K, committed 156440K, reserved 1185792K
  class space    used 18623K, capacity 20514K, committed 20528K, reserved 1048576K
Event: 2665.614 GC heap after
Heap after GC invocations=38 (full 4):
 PSYoungGen      total 472576K, used 110602K [0x00000000d5580000, 0x0000000100000000, 0x0000000100000000)
  eden space 270848K, 0% used [0x00000000d5580000,0x00000000d5580000,0x00000000e5e00000)
  from space 201728K, 54% used [0x00000000f2100000,0x00000000f8d028a0,0x00000000fe600000)
  to   space 199680K, 0% used [0x00000000e5e00000,0x00000000e5e00000,0x00000000f2100000)
 ParOldGen       total 335872K, used 333472K [0x0000000080000000, 0x0000000094800000, 0x00000000d5580000)
  object space 335872K, 99% used [0x0000000080000000,0x00000000945a8058,0x0000000094800000)
 Metaspace       used 145920K, capacity 156194K, committed 156440K, reserved 1185792K
  class space    used 18623K, capacity 20514K, committed 20528K, reserved 1048576K
}
Event: 2665.614 GC heap before
{Heap before GC invocations=39 (full 5):
 PSYoungGen      total 472576K, used 110602K [0x00000000d5580000, 0x0000000100000000, 0x0000000100000000)
  eden space 270848K, 0% used [0x00000000d5580000,0x00000000d5580000,0x00000000e5e00000)
  from space 201728K, 54% used [0x00000000f2100000,0x00000000f8d028a0,0x00000000fe600000)
  to   space 199680K, 0% used [0x00000000e5e00000,0x00000000e5e00000,0x00000000f2100000)
 ParOldGen       total 335872K, used 333472K [0x0000000080000000, 0x0000000094800000, 0x00000000d5580000)
  object space 335872K, 99% used [0x0000000080000000,0x00000000945a8058,0x0000000094800000)
 Metaspace       used 145920K, capacity 156194K, committed 156440K, reserved 1185792K
  class space    used 18623K, capacity 20514K, committed 20528K, reserved 1048576K
Event: 2666.730 GC heap after
Heap after GC invocations=39 (full 5):
 PSYoungGen      total 472576K, used 0K [0x00000000d5580000, 0x0000000100000000, 0x0000000100000000)
  eden space 270848K, 0% used [0x00000000d5580000,0x00000000d5580000,0x00000000e5e00000)
  from space 201728K, 0% used [0x00000000f2100000,0x00000000f2100000,0x00000000fe600000)
  to   space 199680K, 0% used [0x00000000e5e00000,0x00000000e5e00000,0x00000000f2100000)
 ParOldGen       total 532992K, used 185964K [0x0000000080000000, 0x00000000a0880000, 0x00000000d5580000)
  object space 532992K, 34% used [0x0000000080000000,0x000000008b59b080,0x00000000a0880000)
 Metaspace       used 144882K, capacity 153868K, committed 156440K, reserved 1185792K
  class space    used 18346K, capacity 20022K, committed 20528K, reserved 1048576K
}

Deoptimization events (10 events):
Event: 2668.189 Thread 0x000000001b1f8000 Uncommon trap: reason=array_check action=maybe_recompile pc=0x0000000005d3547c method=java.util.TimSort.reverseRange([Ljava/lang/Object;II)V @ 20
Event: 2668.189 Thread 0x000000001b1f8000 Uncommon trap: reason=array_check action=maybe_recompile pc=0x0000000005d3547c method=java.util.TimSort.reverseRange([Ljava/lang/Object;II)V @ 20
Event: 2668.221 Thread 0x000000001b1f8000 Uncommon trap: reason=array_check action=maybe_recompile pc=0x0000000002de9b44 method=java.util.TimSort.reverseRange([Ljava/lang/Object;II)V @ 27
Event: 2668.221 Thread 0x000000001b1f8000 Uncommon trap: reason=array_check action=maybe_recompile pc=0x0000000002de9b44 method=java.util.TimSort.reverseRange([Ljava/lang/Object;II)V @ 27
Event: 2668.308 Thread 0x000000002c843800 Uncommon trap: reason=unstable_if action=reinterpret pc=0x00000000071ab0f4 method=com.android.tools.r8.graph.f0.n0()Z @ 35
Event: 2668.982 Thread 0x000000001c286000 Uncommon trap: reason=unstable_if action=reinterpret pc=0x0000000003261340 method=com.android.tools.r8.graph.g1.a(Ljava/util/Collection;Ljava/util/Comparator;Ljava/util/function/Consumer;)Lcom/android/tools/r8/t/a/a/a/h/V0; @ 72
Event: 2669.022 Thread 0x000000001c286000 Uncommon trap: reason=class_check action=maybe_recompile pc=0x00000000067bdb94 method=com.android.tools.r8.dex.A.a()Lcom/android/tools/r8/graph/G; @ 3037
Event: 2669.083 Thread 0x000000001c286000 Uncommon trap: reason=class_check action=maybe_recompile pc=0x00000000067bdb94 method=com.android.tools.r8.dex.A.a()Lcom/android/tools/r8/graph/G; @ 3037
Event: 2669.140 Thread 0x000000001c286000 Uncommon trap: reason=class_check action=maybe_recompile pc=0x00000000067bdb94 method=com.android.tools.r8.dex.A.a()Lcom/android/tools/r8/graph/G; @ 3037
Event: 2669.261 Thread 0x000000001c286000 Uncommon trap: reason=class_check action=maybe_recompile pc=0x00000000067bdb94 method=com.android.tools.r8.dex.A.a()Lcom/android/tools/r8/graph/G; @ 3037

Classes redefined (0 events):
No events

Internal exceptions (10 events):
Event: 2664.261 Thread 0x000000001b1fc800 Exception <a 'sun/nio/fs/WindowsException'> (0x00000000d7806e68) thrown at [C:\src\AOSP-openjdk-git\hotspot\src\share\vm\prims\jni.cpp, line 710]
Event: 2664.262 Thread 0x000000001b1fc800 Exception <a 'sun/nio/fs/WindowsException'> (0x00000000d780dcb8) thrown at [C:\src\AOSP-openjdk-git\hotspot\src\share\vm\prims\jni.cpp, line 710]
Event: 2664.466 Thread 0x000000001aaf2000 Exception <a 'sun/nio/fs/WindowsException'> (0x00000000d83a4330) thrown at [C:\src\AOSP-openjdk-git\hotspot\src\share\vm\prims\jni.cpp, line 710]
Event: 2664.717 Thread 0x000000001b1f8000 Exception <a 'sun/nio/fs/WindowsException'> (0x00000000dae71d10) thrown at [C:\src\AOSP-openjdk-git\hotspot\src\share\vm\prims\jni.cpp, line 710]
Event: 2664.933 Thread 0x000000002c83f800 Exception <a 'sun/nio/fs/WindowsException'> (0x00000000defdb710) thrown at [C:\src\AOSP-openjdk-git\hotspot\src\share\vm\prims\jni.cpp, line 710]
Event: 2664.934 Thread 0x000000001aaf8000 Exception <a 'java/lang/InterruptedException'> (0x00000000d9ddc9f8) thrown at [C:\src\AOSP-openjdk-git\hotspot\src\share\vm\runtime\objectMonitor.cpp, line 1491]
Event: 2664.935 Thread 0x000000001aaf3000 Exception <a 'java/lang/InterruptedException'> (0x00000000d9e36d18) thrown at [C:\src\AOSP-openjdk-git\hotspot\src\share\vm\runtime\objectMonitor.cpp, line 1491]
Event: 2664.935 Thread 0x000000002c840800 Exception <a 'java/lang/InterruptedException'> (0x00000000d9c2c318) thrown at [C:\src\AOSP-openjdk-git\hotspot\src\share\vm\runtime\objectMonitor.cpp, line 1491]
Event: 2664.935 Thread 0x000000002c842800 Exception <a 'java/lang/InterruptedException'> (0x00000000da254fb0) thrown at [C:\src\AOSP-openjdk-git\hotspot\src\share\vm\runtime\objectMonitor.cpp, line 1491]
Event: 2668.324 Thread 0x000000002c843800 Exception <a 'sun/nio/fs/WindowsException'> (0x00000000dca4b4c8) thrown at [C:\src\AOSP-openjdk-git\hotspot\src\share\vm\prims\jni.cpp, line 710]

Events (10 events):
Event: 2669.128 Thread 0x00000000192f5800 flushing nmethod 0x0000000005d14490
Event: 2669.128 Thread 0x00000000192f5800 flushing nmethod 0x0000000005d17090
Event: 2669.128 Thread 0x00000000192f5800 flushing nmethod 0x0000000005d2e1d0
Event: 2669.140 Thread 0x000000001c286000 Uncommon trap: trap_request=0xffffffde fr.pc=0x00000000067bdb94
Event: 2669.140 Thread 0x000000001c286000 DEOPT PACKING pc=0x00000000067bdb94 sp=0x000000003b92ebe0
Event: 2669.140 Thread 0x000000001c286000 DEOPT UNPACKING pc=0x000000000249557b sp=0x000000003b92ebd0 mode 2
Event: 2669.261 Thread 0x000000001c286000 Uncommon trap: trap_request=0xffffffde fr.pc=0x00000000067bdb94
Event: 2669.261 Thread 0x000000001c286000 DEOPT PACKING pc=0x00000000067bdb94 sp=0x000000003b92ebe0
Event: 2669.261 Thread 0x000000001c286000 DEOPT UNPACKING pc=0x000000000249557b sp=0x000000003b92ebd0 mode 2
Event: 2669.370 Thread 0x00000000192f5800 flushing nmethod 0x00000000063bb950


Dynamic libraries:
0x00007ff6eea80000 - 0x00007ff6eeab1000 	C:\Program Files\Android\Android Studio\jre\bin\java.exe
0x00007ff890630000 - 0x00007ff890826000 	C:\WINDOWS\SYSTEM32\ntdll.dll
0x00007ff890350000 - 0x00007ff89040d000 	C:\WINDOWS\System32\KERNEL32.DLL
0x00007ff88de90000 - 0x00007ff88e159000 	C:\WINDOWS\System32\KERNELBASE.dll
0x00007ff88ef60000 - 0x00007ff88f00c000 	C:\WINDOWS\System32\ADVAPI32.dll
0x00007ff88fcd0000 - 0x00007ff88fd6e000 	C:\WINDOWS\System32\msvcrt.dll
0x00007ff88f640000 - 0x00007ff88f6dc000 	C:\WINDOWS\System32\sechost.dll
0x00007ff88f010000 - 0x00007ff88f13b000 	C:\WINDOWS\System32\RPCRT4.dll
0x00007ff88f240000 - 0x00007ff88f3e0000 	C:\WINDOWS\System32\USER32.dll
0x00007ff88e160000 - 0x00007ff88e182000 	C:\WINDOWS\System32\win32u.dll
0x00007ff88fca0000 - 0x00007ff88fcca000 	C:\WINDOWS\System32\GDI32.dll
0x00007ff88e3c0000 - 0x00007ff88e4c9000 	C:\WINDOWS\System32\gdi32full.dll
0x00007ff88ddf0000 - 0x00007ff88de8d000 	C:\WINDOWS\System32\msvcp_win.dll
0x00007ff88e240000 - 0x00007ff88e340000 	C:\WINDOWS\System32\ucrtbase.dll
0x00007ff87a580000 - 0x00007ff87a81b000 	C:\WINDOWS\WinSxS\amd64_microsoft.windows.common-controls_6595b64144ccf1df_6.0.19041.488_none_ca04af081b815d21\COMCTL32.dll
0x00007ff88fde0000 - 0x00007ff88fe10000 	C:\WINDOWS\System32\IMM32.DLL
0x000000006ffb0000 - 0x0000000070082000 	C:\Program Files\Android\Android Studio\jre\jre\bin\msvcr100.dll
0x0000000070110000 - 0x000000007095b000 	C:\Program Files\Android\Android Studio\jre\jre\bin\server\jvm.dll
0x00007ff88f210000 - 0x00007ff88f218000 	C:\WINDOWS\System32\PSAPI.DLL
0x00007ff872070000 - 0x00007ff872079000 	C:\WINDOWS\SYSTEM32\WSOCK32.dll
0x00007ff87aae0000 - 0x00007ff87ab07000 	C:\WINDOWS\SYSTEM32\WINMM.dll
0x00007ff88fd70000 - 0x00007ff88fddb000 	C:\WINDOWS\System32\WS2_32.dll
0x00007ff885cf0000 - 0x00007ff885cfa000 	C:\WINDOWS\SYSTEM32\VERSION.dll
0x00007ff874660000 - 0x00007ff87466f000 	C:\Program Files\Android\Android Studio\jre\jre\bin\verify.dll
0x00007ff826080000 - 0x00007ff8260a9000 	C:\Program Files\Android\Android Studio\jre\jre\bin\java.dll
0x00007ff826060000 - 0x00007ff826076000 	C:\Program Files\Android\Android Studio\jre\jre\bin\zip.dll
0x00007ff88e800000 - 0x00007ff88ef42000 	C:\WINDOWS\System32\SHELL32.dll
0x00007ff88be30000 - 0x00007ff88c5c5000 	C:\WINDOWS\SYSTEM32\windows.storage.dll
0x00007ff88ff90000 - 0x00007ff8902e6000 	C:\WINDOWS\System32\combase.dll
0x00007ff88d7e0000 - 0x00007ff88d80c000 	C:\WINDOWS\SYSTEM32\Wldp.dll
0x00007ff890540000 - 0x00007ff8905ee000 	C:\WINDOWS\System32\SHCORE.dll
0x00007ff88ff30000 - 0x00007ff88ff85000 	C:\WINDOWS\System32\shlwapi.dll
0x00007ff88dca0000 - 0x00007ff88dcc6000 	C:\WINDOWS\SYSTEM32\profapi.dll
0x00007ff8886f0000 - 0x00007ff88870a000 	C:\Program Files\Android\Android Studio\jre\jre\bin\net.dll
0x00007ff88d560000 - 0x00007ff88d5ca000 	C:\WINDOWS\system32\mswsock.dll
0x00007ff8886d0000 - 0x00007ff8886e3000 	C:\Program Files\Android\Android Studio\jre\jre\bin\nio.dll
0x00007ff878100000 - 0x00007ff878127000 	C:\Users\ciki3\.gradle\native\f6784746aeab05261644944871eae4fe03e0ef1612fff0a4a95f87b438bc6780\windows-amd64\native-platform.dll
0x00007ff8886c0000 - 0x00007ff8886cd000 	C:\Program Files\Android\Android Studio\jre\jre\bin\management.dll
0x00007ff88d730000 - 0x00007ff88d748000 	C:\WINDOWS\SYSTEM32\CRYPTSP.dll
0x00007ff88ce80000 - 0x00007ff88ceb4000 	C:\WINDOWS\system32\rsaenh.dll
0x00007ff88e390000 - 0x00007ff88e3b7000 	C:\WINDOWS\System32\bcrypt.dll
0x00007ff88dc20000 - 0x00007ff88dc4e000 	C:\WINDOWS\SYSTEM32\USERENV.dll
0x00007ff88dd70000 - 0x00007ff88ddf0000 	C:\WINDOWS\System32\bcryptprimitives.dll
0x00007ff88d750000 - 0x00007ff88d75c000 	C:\WINDOWS\SYSTEM32\CRYPTBASE.dll
0x00007ff88d200000 - 0x00007ff88d23b000 	C:\WINDOWS\SYSTEM32\IPHLPAPI.DLL
0x00007ff88f820000 - 0x00007ff88f828000 	C:\WINDOWS\System32\NSI.dll
0x00007ff8816c0000 - 0x00007ff8816d7000 	C:\WINDOWS\SYSTEM32\dhcpcsvc6.DLL
0x00007ff8838c0000 - 0x00007ff8838dd000 	C:\WINDOWS\SYSTEM32\dhcpcsvc.DLL
0x00007ff88d240000 - 0x00007ff88d30b000 	C:\WINDOWS\SYSTEM32\DNSAPI.dll
0x00007ff8844b0000 - 0x00007ff8844bb000 	C:\WINDOWS\SYSTEM32\WINNSI.DLL
0x00007ff854690000 - 0x00007ff85482c000 	C:\Program Files\Android\Android Studio\jre\jre\bin\awt.dll
0x00007ff88f140000 - 0x00007ff88f20d000 	C:\WINDOWS\System32\OLEAUT32.dll
0x00007ff88b670000 - 0x00007ff88b69f000 	C:\WINDOWS\SYSTEM32\dwmapi.dll
0x00007ff88a0b0000 - 0x00007ff88a670000 	C:\WINDOWS\SYSTEM32\d2d1.dll
0x00007ff88b310000 - 0x00007ff88b3a0000 	C:\WINDOWS\SYSTEM32\apphelp.dll
0x00007ff88b480000 - 0x00007ff88b51e000 	C:\WINDOWS\system32\uxtheme.dll
0x00007ff81ab30000 - 0x00007ff81ab54000 	C:\Program Files\Android\Android Studio\jre\jre\bin\sunec.dll
0x00007ff8835d0000 - 0x00007ff8835db000 	C:\Program Files\Android\Android Studio\jre\jre\bin\sunmscapi.dll
0x00007ff88e4d0000 - 0x00007ff88e62d000 	C:\WINDOWS\System32\CRYPT32.dll
0x00007ff885ac0000 - 0x00007ff885aca000 	C:\Windows\System32\rasadhlp.dll
0x00007ff879350000 - 0x00007ff8793cf000 	C:\WINDOWS\System32\fwpuclnt.dll
0x00007ff88cab0000 - 0x00007ff88cae3000 	C:\WINDOWS\SYSTEM32\ntmarta.dll

VM Arguments:
jvm_args: -Xmx2048m -Dfile.encoding=UTF-8 -Duser.country=NL -Duser.language=nl -Duser.variant 
java_command: org.gradle.launcher.daemon.bootstrap.GradleDaemon 6.5
java_class_path (initial): C:\Users\ciki3\.gradle\wrapper\dists\gradle-6.5-all\2oz4ud9k3tuxjg84bbf55q0tn\gradle-6.5\lib\gradle-launcher-6.5.jar
Launcher Type: SUN_STANDARD

Environment Variables:
USERNAME=ciki3
OS=Windows_NT
PROCESSOR_IDENTIFIER=Intel64 Family 6 Model 94 Stepping 3, GenuineIntel



---------------  S Y S T E M  ---------------

OS: Windows 10.0 , 64 bit Build 19041 (10.0.19041.662)

CPU:total 8 (initial active 8) (4 cores per cpu, 2 threads per core) family 6 model 94 stepping 3, cmov, cx8, fxsr, mmx, sse, sse2, sse3, ssse3, sse4.1, sse4.2, popcnt, avx, avx2, aes, clmul, erms, rtm, 3dnowpref, lzcnt, ht, tsc, tscinvbit, bmi1, bmi2, adx

Memory: 4k page, physical 16593632k(2849324k free), swap 16593632k(964k free)

vm_info: OpenJDK 64-Bit Server VM (25.242-b01) for windows-amd64 JRE (1.8.0_242-release-1644-b01), built by "builder" with MS VC++ 10.0 (VS2010)

time: Fri Dec 18 03:20:20 2020
timezone: Romance (standaardtijd)
elapsed time: 2669 seconds (0d 0h 44m 29s)

